<?xml version="1.0" encoding="UTF-8"?>
<coverage generated="1629206773924" clover="3.2.0">
  <project timestamp="1629206773924" name="All files">
    <metrics statements="242" coveredstatements="241" conditionals="51" coveredconditionals="48" methods="66" coveredmethods="65" elements="359" coveredelements="354" complexity="0" loc="242" ncloc="242" packages="8" files="14" classes="14"/>
    <package name="src">
      <metrics statements="1" coveredstatements="1" conditionals="0" coveredconditionals="0" methods="0" coveredmethods="0"/>
      <file name="App.vue" path="C:\Gitlab\SpiderSolitaire\src\App.vue">
        <metrics statements="1" coveredstatements="1" conditionals="0" coveredconditionals="0" methods="0" coveredmethods="0"/>
        <line num="8" count="1" type="stmt"/>
      </file>
    </package>
    <package name="src.common.constants">
      <metrics statements="1" coveredstatements="1" conditionals="0" coveredconditionals="0" methods="0" coveredmethods="0"/>
      <file name="constants.js" path="C:\Gitlab\SpiderSolitaire\src\common\constants\constants.js">
        <metrics statements="1" coveredstatements="1" conditionals="0" coveredconditionals="0" methods="0" coveredmethods="0"/>
        <line num="3" count="3" type="stmt"/>
      </file>
    </package>
    <package name="src.common.enums">
      <metrics statements="2" coveredstatements="2" conditionals="0" coveredconditionals="0" methods="0" coveredmethods="0"/>
      <file name="scoreRuleEnum.js" path="C:\Gitlab\SpiderSolitaire\src\common\enums\scoreRuleEnum.js">
        <metrics statements="1" coveredstatements="1" conditionals="0" coveredconditionals="0" methods="0" coveredmethods="0"/>
        <line num="1" count="3" type="stmt"/>
      </file>
      <file name="toastrTypeEnum.js" path="C:\Gitlab\SpiderSolitaire\src\common\enums\toastrTypeEnum.js">
        <metrics statements="1" coveredstatements="1" conditionals="0" coveredconditionals="0" methods="0" coveredmethods="0"/>
        <line num="1" count="2" type="stmt"/>
      </file>
    </package>
    <package name="src.common.helpers">
      <metrics statements="17" coveredstatements="17" conditionals="0" coveredconditionals="0" methods="4" coveredmethods="4"/>
      <file name="utils.js" path="C:\Gitlab\SpiderSolitaire\src\common\helpers\utils.js">
        <metrics statements="17" coveredstatements="17" conditionals="0" coveredconditionals="0" methods="4" coveredmethods="4"/>
        <line num="1" count="3" type="stmt"/>
        <line num="3" count="36" type="stmt"/>
        <line num="4" count="36" type="stmt"/>
        <line num="5" count="3507" type="stmt"/>
        <line num="7" count="3507" type="stmt"/>
        <line num="10" count="35" type="stmt"/>
        <line num="12" count="1" type="stmt"/>
        <line num="14" count="1" type="stmt"/>
        <line num="16" count="1" type="stmt"/>
        <line num="20" count="65" type="stmt"/>
        <line num="21" count="65" type="stmt"/>
        <line num="22" count="113" type="stmt"/>
        <line num="24" count="110" type="stmt"/>
        <line num="26" count="64" type="stmt"/>
        <line num="28" count="1" type="stmt"/>
        <line num="30" count="1" type="stmt"/>
        <line num="32" count="1" type="stmt"/>
      </file>
    </package>
    <package name="src.components">
      <metrics statements="33" coveredstatements="33" conditionals="4" coveredconditionals="4" methods="15" coveredmethods="15"/>
      <file name="Button.vue" path="C:\Gitlab\SpiderSolitaire\src\components\Button.vue">
        <metrics statements="1" coveredstatements="1" conditionals="0" coveredconditionals="0" methods="1" coveredmethods="1"/>
        <line num="25" count="2" type="stmt"/>
      </file>
      <file name="Card.vue" path="C:\Gitlab\SpiderSolitaire\src\components\Card.vue">
        <metrics statements="7" coveredstatements="7" conditionals="2" coveredconditionals="2" methods="4" coveredmethods="4"/>
        <line num="24" count="3" type="stmt"/>
        <line num="51" count="1" type="stmt"/>
        <line num="54" count="1" type="stmt"/>
        <line num="57" count="1" type="stmt"/>
        <line num="60" count="5" type="cond" truecount="2" falsecount="0"/>
        <line num="61" count="4" type="stmt"/>
        <line num="63" count="1" type="stmt"/>
      </file>
      <file name="CardDealSection.vue" path="C:\Gitlab\SpiderSolitaire\src\components\CardDealSection.vue">
        <metrics statements="1" coveredstatements="1" conditionals="0" coveredconditionals="0" methods="0" coveredmethods="0"/>
        <line num="23" count="3" type="stmt"/>
      </file>
      <file name="CardHolderSection.vue" path="C:\Gitlab\SpiderSolitaire\src\components\CardHolderSection.vue">
        <metrics statements="12" coveredstatements="12" conditionals="2" coveredconditionals="2" methods="5" coveredmethods="5"/>
        <line num="16" count="3" type="stmt"/>
        <line num="36" count="9" type="stmt"/>
        <line num="37" count="1" type="stmt"/>
        <line num="41" count="3" type="stmt"/>
        <line num="47" count="3" type="stmt"/>
        <line num="49" count="3" type="stmt"/>
        <line num="50" count="24" type="stmt"/>
        <line num="52" count="24" type="cond" truecount="2" falsecount="0"/>
        <line num="53" count="4" type="stmt"/>
        <line num="56" count="24" type="stmt"/>
        <line num="59" count="3" type="stmt"/>
        <line num="63" count="3" type="stmt"/>
      </file>
      <file name="HeaderSection.vue" path="C:\Gitlab\SpiderSolitaire\src\components\HeaderSection.vue">
        <metrics statements="3" coveredstatements="3" conditionals="0" coveredconditionals="0" methods="0" coveredmethods="0"/>
        <line num="17" count="3" type="stmt"/>
        <line num="18" count="3" type="stmt"/>
        <line num="19" count="3" type="stmt"/>
      </file>
      <file name="Timer.vue" path="C:\Gitlab\SpiderSolitaire\src\components\Timer.vue">
        <metrics statements="9" coveredstatements="9" conditionals="0" coveredconditionals="0" methods="5" coveredmethods="5"/>
        <line num="12" count="2" type="stmt"/>
        <line num="18" count="5" type="stmt"/>
        <line num="19" count="5" type="stmt"/>
        <line num="21" count="5" type="stmt"/>
        <line num="23" count="5" type="stmt"/>
        <line num="25" count="5" type="stmt"/>
        <line num="30" count="2" type="stmt"/>
        <line num="31" count="9" type="stmt"/>
        <line num="36" count="2" type="stmt"/>
      </file>
    </package>
    <package name="src.components.Toastr">
      <metrics statements="1" coveredstatements="1" conditionals="0" coveredconditionals="0" methods="1" coveredmethods="1"/>
      <file name="Toastr.js" path="C:\Gitlab\SpiderSolitaire\src\components\Toastr\Toastr.js">
        <metrics statements="1" coveredstatements="1" conditionals="0" coveredconditionals="0" methods="1" coveredmethods="1"/>
        <line num="5" count="5" type="stmt"/>
      </file>
    </package>
    <package name="src.pages">
      <metrics statements="137" coveredstatements="136" conditionals="45" coveredconditionals="42" methods="36" coveredmethods="35"/>
      <file name="SpiderSolitaire.vue" path="C:\Gitlab\SpiderSolitaire\src\pages\SpiderSolitaire.vue">
        <metrics statements="137" coveredstatements="136" conditionals="45" coveredconditionals="42" methods="36" coveredmethods="35"/>
        <line num="45" count="2" type="stmt"/>
        <line num="46" count="2" type="stmt"/>
        <line num="47" count="2" type="stmt"/>
        <line num="48" count="2" type="stmt"/>
        <line num="49" count="2" type="stmt"/>
        <line num="50" count="2" type="stmt"/>
        <line num="51" count="2" type="stmt"/>
        <line num="52" count="2" type="stmt"/>
        <line num="56" count="2" type="stmt"/>
        <line num="69" count="6" type="cond" truecount="2" falsecount="0"/>
        <line num="70" count="1" type="stmt"/>
        <line num="74" count="3" type="cond" truecount="1" falsecount="1"/>
        <line num="75" count="3" type="stmt"/>
        <line num="80" count="34" type="stmt"/>
        <line num="106" count="34" type="stmt"/>
        <line num="108" count="34" type="stmt"/>
        <line num="109" count="3536" type="stmt"/>
        <line num="111" count="3536" type="stmt"/>
        <line num="118" count="34" type="stmt"/>
        <line num="120" count="34" type="stmt"/>
        <line num="122" count="34" type="stmt"/>
        <line num="124" count="34" type="stmt"/>
        <line num="126" count="34" type="stmt"/>
        <line num="129" count="2" type="stmt"/>
        <line num="133" count="2" type="stmt"/>
        <line num="139" count="2" type="cond" truecount="2" falsecount="0"/>
        <line num="140" count="1" type="stmt"/>
        <line num="141" count="1" type="stmt"/>
        <line num="142" count="1" type="stmt"/>
        <line num="143" count="1" type="stmt"/>
        <line num="145" count="1" type="stmt"/>
        <line num="147" count="1" type="stmt"/>
        <line num="148" count="0" type="stmt"/>
        <line num="151" count="1" type="stmt"/>
        <line num="158" count="3" type="stmt"/>
        <line num="159" count="3" type="stmt"/>
        <line num="160" count="3" type="stmt"/>
        <line num="162" count="3" type="cond" truecount="2" falsecount="0"/>
        <line num="163" count="2" type="stmt"/>
        <line num="165" count="2" type="stmt"/>
        <line num="166" count="2" type="stmt"/>
        <line num="167" count="2" type="stmt"/>
        <line num="168" count="2" type="stmt"/>
        <line num="170" count="2" type="stmt"/>
        <line num="171" count="2" type="stmt"/>
        <line num="173" count="1" type="stmt"/>
        <line num="179" count="3" type="cond" truecount="1" falsecount="1"/>
        <line num="180" count="3" type="stmt"/>
        <line num="184" count="1" type="stmt"/>
        <line num="185" count="1" type="stmt"/>
        <line num="186" count="1" type="stmt"/>
        <line num="189" count="6" type="stmt"/>
        <line num="190" count="74" type="stmt"/>
        <line num="192" count="6" type="cond" truecount="2" falsecount="0"/>
        <line num="193" count="56" type="stmt"/>
        <line num="200" count="6" type="cond" truecount="2" falsecount="0"/>
        <line num="201" count="4" type="stmt"/>
        <line num="202" count="4" type="stmt"/>
        <line num="203" count="4" type="stmt"/>
        <line num="204" count="4" type="stmt"/>
        <line num="207" count="6" type="stmt"/>
        <line num="210" count="2" type="stmt"/>
        <line num="212" count="2" type="cond" truecount="2" falsecount="0"/>
        <line num="213" count="1" type="stmt"/>
        <line num="214" count="2" type="stmt"/>
        <line num="215" count="2" type="stmt"/>
        <line num="216" count="2" type="stmt"/>
        <line num="218" count="2" type="stmt"/>
        <line num="221" count="1" type="stmt"/>
        <line num="222" count="1" type="stmt"/>
        <line num="224" count="1" type="stmt"/>
        <line num="231" count="12" type="stmt"/>
        <line num="233" count="4" type="stmt"/>
        <line num="236" count="7" type="stmt"/>
        <line num="237" count="7" type="stmt"/>
        <line num="239" count="7" type="cond" truecount="3" falsecount="1"/>
        <line num="240" count="7" type="stmt"/>
        <line num="241" count="7" type="stmt"/>
        <line num="243" count="7" type="stmt"/>
        <line num="247" count="7" type="stmt"/>
        <line num="250" count="3" type="stmt"/>
        <line num="253" count="6" type="stmt"/>
        <line num="256" count="5" type="cond" truecount="2" falsecount="0"/>
        <line num="260" count="5" type="stmt"/>
        <line num="263" count="2" type="stmt"/>
        <line num="264" count="2" type="stmt"/>
        <line num="272" count="21" type="cond" truecount="2" falsecount="0"/>
        <line num="273" count="3" type="stmt"/>
        <line num="275" count="72" type="stmt"/>
        <line num="279" count="18" type="stmt"/>
        <line num="283" count="2" type="stmt"/>
        <line num="286" count="1" type="stmt"/>
        <line num="289" count="3" type="stmt"/>
        <line num="290" count="3" type="stmt"/>
        <line num="293" count="5" type="stmt"/>
        <line num="295" count="5" type="cond" truecount="2" falsecount="0"/>
        <line num="296" count="3" type="stmt"/>
        <line num="299" count="5" type="cond" truecount="2" falsecount="0"/>
        <line num="300" count="4" type="cond" truecount="2" falsecount="0"/>
        <line num="301" count="1" type="stmt"/>
        <line num="304" count="4" type="stmt"/>
        <line num="306" count="4" type="stmt"/>
        <line num="310" count="4" type="stmt"/>
        <line num="312" count="4" type="stmt"/>
        <line num="313" count="8" type="stmt"/>
        <line num="317" count="8" type="stmt"/>
        <line num="320" count="4" type="stmt"/>
        <line num="322" count="4" type="stmt"/>
        <line num="323" count="1" type="stmt"/>
        <line num="326" count="4" type="stmt"/>
        <line num="327" count="4" type="stmt"/>
        <line num="329" count="1" type="stmt"/>
        <line num="331" count="1" type="stmt"/>
        <line num="332" count="1" type="stmt"/>
        <line num="336" count="6" type="stmt"/>
        <line num="337" count="16" type="cond" truecount="2" falsecount="0"/>
        <line num="338" count="3" type="stmt"/>
        <line num="339" count="3" type="stmt"/>
        <line num="340" count="3" type="stmt"/>
        <line num="342" count="13" type="stmt"/>
        <line num="343" count="13" type="stmt"/>
        <line num="344" count="13" type="stmt"/>
        <line num="349" count="4" type="stmt"/>
        <line num="351" count="4" type="stmt"/>
        <line num="352" count="11" type="stmt"/>
        <line num="357" count="75" type="cond" truecount="2" falsecount="0"/>
        <line num="366" count="25" type="cond" truecount="4" falsecount="0"/>
        <line num="370" count="14" type="stmt"/>
        <line num="371" count="40" type="cond" truecount="4" falsecount="0"/>
        <line num="378" count="6" type="stmt"/>
        <line num="380" count="6" type="stmt"/>
        <line num="381" count="9" type="stmt"/>
        <line num="385" count="6" type="stmt"/>
        <line num="392" count="6" type="stmt"/>
        <line num="396" count="11" type="stmt"/>
        <line num="401" count="4" type="stmt"/>
        <line num="405" count="34" type="stmt"/>
      </file>
    </package>
    <package name="src.services">
      <metrics statements="50" coveredstatements="50" conditionals="2" coveredconditionals="2" methods="10" coveredmethods="10"/>
      <file name="spiderSolitaireService.js" path="C:\Gitlab\SpiderSolitaire\src\services\spiderSolitaireService.js">
        <metrics statements="50" coveredstatements="50" conditionals="2" coveredconditionals="2" methods="10" coveredmethods="10"/>
        <line num="11" count="2" type="stmt"/>
        <line num="13" count="2" type="stmt"/>
        <line num="15" count="36" type="stmt"/>
        <line num="16" count="36" type="stmt"/>
        <line num="17" count="35" type="stmt"/>
        <line num="21" count="35" type="stmt"/>
        <line num="22" count="35" type="stmt"/>
        <line num="27" count="35" type="stmt"/>
        <line num="29" count="35" type="stmt"/>
        <line num="30" count="35" type="stmt"/>
        <line num="32" count="35" type="stmt"/>
        <line num="34" count="1" type="stmt"/>
        <line num="36" count="1" type="stmt"/>
        <line num="38" count="1" type="stmt"/>
        <line num="42" count="72" type="stmt"/>
        <line num="43" count="72" type="stmt"/>
        <line num="44" count="72" type="stmt"/>
        <line num="46" count="72" type="stmt"/>
        <line num="47" count="1914" type="stmt"/>
        <line num="49" count="1914" type="cond" truecount="2" falsecount="0"/>
        <line num="50" count="354" type="stmt"/>
        <line num="51" count="354" type="stmt"/>
        <line num="55" count="71" type="stmt"/>
        <line num="57" count="1" type="stmt"/>
        <line num="59" count="1" type="stmt"/>
        <line num="61" count="1" type="stmt"/>
        <line num="65" count="37" type="stmt"/>
        <line num="66" count="37" type="stmt"/>
        <line num="67" count="353" type="stmt"/>
        <line num="69" count="353" type="stmt"/>
        <line num="70" count="352" type="stmt"/>
        <line num="73" count="1" type="stmt"/>
        <line num="75" count="1" type="stmt"/>
        <line num="77" count="1" type="stmt"/>
        <line num="81" count="37" type="stmt"/>
        <line num="82" count="37" type="stmt"/>
        <line num="83" count="352" type="stmt"/>
        <line num="90" count="1" type="stmt"/>
        <line num="92" count="1" type="stmt"/>
        <line num="94" count="1" type="stmt"/>
        <line num="98" count="35" type="stmt"/>
        <line num="101" count="5" type="stmt"/>
        <line num="102" count="5" type="stmt"/>
        <line num="104" count="4" type="stmt"/>
        <line num="105" count="7" type="stmt"/>
        <line num="108" count="4" type="stmt"/>
        <line num="110" count="4" type="stmt"/>
        <line num="112" count="1" type="stmt"/>
        <line num="114" count="1" type="stmt"/>
        <line num="116" count="1" type="stmt"/>
      </file>
    </package>
  </project>
</coverage>
