<?xml version="1.0" encoding="UTF-8"?>
<coverage generated="1629438617619" clover="3.2.0">
  <project timestamp="1629438617619" name="All files">
    <metrics statements="256" coveredstatements="254" conditionals="58" coveredconditionals="53" methods="75" coveredmethods="73" elements="389" coveredelements="380" complexity="0" loc="256" ncloc="256" packages="8" files="15" classes="15"/>
    <package name="src">
      <metrics statements="1" coveredstatements="1" conditionals="0" coveredconditionals="0" methods="0" coveredmethods="0"/>
      <file name="App.vue" path="C:\Gitlab\SpiderSolitaire\src\App.vue">
        <metrics statements="1" coveredstatements="1" conditionals="0" coveredconditionals="0" methods="0" coveredmethods="0"/>
        <line num="8" count="1" type="stmt"/>
      </file>
    </package>
    <package name="src.common.constants">
      <metrics statements="1" coveredstatements="1" conditionals="0" coveredconditionals="0" methods="0" coveredmethods="0"/>
      <file name="constants.js" path="C:\Gitlab\SpiderSolitaire\src\common\constants\constants.js">
        <metrics statements="1" coveredstatements="1" conditionals="0" coveredconditionals="0" methods="0" coveredmethods="0"/>
        <line num="3" count="3" type="stmt"/>
      </file>
    </package>
    <package name="src.common.enums">
      <metrics statements="2" coveredstatements="2" conditionals="0" coveredconditionals="0" methods="0" coveredmethods="0"/>
      <file name="scoreRuleEnum.js" path="C:\Gitlab\SpiderSolitaire\src\common\enums\scoreRuleEnum.js">
        <metrics statements="1" coveredstatements="1" conditionals="0" coveredconditionals="0" methods="0" coveredmethods="0"/>
        <line num="1" count="3" type="stmt"/>
      </file>
      <file name="toastrTypeEnum.js" path="C:\Gitlab\SpiderSolitaire\src\common\enums\toastrTypeEnum.js">
        <metrics statements="1" coveredstatements="1" conditionals="0" coveredconditionals="0" methods="0" coveredmethods="0"/>
        <line num="1" count="2" type="stmt"/>
      </file>
    </package>
    <package name="src.common.helpers">
      <metrics statements="17" coveredstatements="17" conditionals="0" coveredconditionals="0" methods="4" coveredmethods="4"/>
      <file name="utils.js" path="C:\Gitlab\SpiderSolitaire\src\common\helpers\utils.js">
        <metrics statements="17" coveredstatements="17" conditionals="0" coveredconditionals="0" methods="4" coveredmethods="4"/>
        <line num="1" count="3" type="stmt"/>
        <line num="3" count="37" type="stmt"/>
        <line num="4" count="37" type="stmt"/>
        <line num="5" count="3610" type="stmt"/>
        <line num="7" count="3610" type="stmt"/>
        <line num="10" count="36" type="stmt"/>
        <line num="12" count="1" type="stmt"/>
        <line num="14" count="1" type="stmt"/>
        <line num="16" count="1" type="stmt"/>
        <line num="20" count="65" type="stmt"/>
        <line num="21" count="65" type="stmt"/>
        <line num="22" count="113" type="stmt"/>
        <line num="24" count="110" type="stmt"/>
        <line num="26" count="64" type="stmt"/>
        <line num="28" count="1" type="stmt"/>
        <line num="30" count="1" type="stmt"/>
        <line num="32" count="1" type="stmt"/>
      </file>
    </package>
    <package name="src.components">
      <metrics statements="42" coveredstatements="42" conditionals="6" coveredconditionals="5" methods="23" coveredmethods="23"/>
      <file name="Button.vue" path="C:\Gitlab\SpiderSolitaire\src\components\Button.vue">
        <metrics statements="2" coveredstatements="2" conditionals="0" coveredconditionals="0" methods="2" coveredmethods="2"/>
        <line num="25" count="1" type="stmt"/>
        <line num="28" count="3" type="stmt"/>
      </file>
      <file name="Card.vue" path="C:\Gitlab\SpiderSolitaire\src\components\Card.vue">
        <metrics statements="7" coveredstatements="7" conditionals="2" coveredconditionals="2" methods="4" coveredmethods="4"/>
        <line num="33" count="3" type="stmt"/>
        <line num="60" count="1" type="stmt"/>
        <line num="63" count="1" type="stmt"/>
        <line num="66" count="1" type="stmt"/>
        <line num="69" count="5" type="cond" truecount="2" falsecount="0"/>
        <line num="70" count="4" type="stmt"/>
        <line num="72" count="1" type="stmt"/>
      </file>
      <file name="CardDealSection.vue" path="C:\Gitlab\SpiderSolitaire\src\components\CardDealSection.vue">
        <metrics statements="2" coveredstatements="2" conditionals="0" coveredconditionals="0" methods="1" coveredmethods="1"/>
        <line num="23" count="3" type="stmt"/>
        <line num="39" count="1" type="stmt"/>
      </file>
      <file name="CardHolderSection.vue" path="C:\Gitlab\SpiderSolitaire\src\components\CardHolderSection.vue">
        <metrics statements="12" coveredstatements="12" conditionals="2" coveredconditionals="2" methods="5" coveredmethods="5"/>
        <line num="16" count="3" type="stmt"/>
        <line num="36" count="9" type="stmt"/>
        <line num="37" count="1" type="stmt"/>
        <line num="41" count="3" type="stmt"/>
        <line num="47" count="3" type="stmt"/>
        <line num="49" count="3" type="stmt"/>
        <line num="50" count="24" type="stmt"/>
        <line num="52" count="24" type="cond" truecount="2" falsecount="0"/>
        <line num="53" count="4" type="stmt"/>
        <line num="56" count="24" type="stmt"/>
        <line num="59" count="3" type="stmt"/>
        <line num="63" count="3" type="stmt"/>
      </file>
      <file name="ConfirmBox.vue" path="C:\Gitlab\SpiderSolitaire\src\components\ConfirmBox.vue">
        <metrics statements="3" coveredstatements="3" conditionals="0" coveredconditionals="0" methods="3" coveredmethods="3"/>
        <line num="26" count="4" type="stmt"/>
        <line num="32" count="1" type="stmt"/>
        <line num="35" count="1" type="stmt"/>
      </file>
      <file name="HeaderSection.vue" path="C:\Gitlab\SpiderSolitaire\src\components\HeaderSection.vue">
        <metrics statements="4" coveredstatements="4" conditionals="0" coveredconditionals="0" methods="1" coveredmethods="1"/>
        <line num="17" count="3" type="stmt"/>
        <line num="18" count="3" type="stmt"/>
        <line num="19" count="3" type="stmt"/>
        <line num="40" count="1" type="stmt"/>
      </file>
      <file name="Timer.vue" path="C:\Gitlab\SpiderSolitaire\src\components\Timer.vue">
        <metrics statements="12" coveredstatements="12" conditionals="2" coveredconditionals="1" methods="7" coveredmethods="7"/>
        <line num="19" count="1" type="cond" truecount="1" falsecount="1"/>
        <line num="20" count="1" type="stmt"/>
        <line num="25" count="3" type="stmt"/>
        <line num="32" count="9" type="stmt"/>
        <line num="33" count="9" type="stmt"/>
        <line num="35" count="9" type="stmt"/>
        <line num="37" count="9" type="stmt"/>
        <line num="39" count="9" type="stmt"/>
        <line num="44" count="3" type="stmt"/>
        <line num="45" count="18" type="stmt"/>
        <line num="49" count="1" type="stmt"/>
        <line num="53" count="3" type="stmt"/>
      </file>
    </package>
    <package name="src.components.Toastr">
      <metrics statements="1" coveredstatements="1" conditionals="0" coveredconditionals="0" methods="1" coveredmethods="1"/>
      <file name="Toastr.js" path="C:\Gitlab\SpiderSolitaire\src\components\Toastr\Toastr.js">
        <metrics statements="1" coveredstatements="1" conditionals="0" coveredconditionals="0" methods="1" coveredmethods="1"/>
        <line num="5" count="3" type="stmt"/>
      </file>
    </package>
    <package name="src.pages">
      <metrics statements="143" coveredstatements="141" conditionals="50" coveredconditionals="46" methods="37" coveredmethods="35"/>
      <file name="SpiderSolitaire.vue" path="C:\Gitlab\SpiderSolitaire\src\pages\SpiderSolitaire.vue">
        <metrics statements="143" coveredstatements="141" conditionals="50" coveredconditionals="46" methods="37" coveredmethods="35"/>
        <line num="51" count="2" type="stmt"/>
        <line num="52" count="2" type="stmt"/>
        <line num="53" count="2" type="stmt"/>
        <line num="54" count="2" type="stmt"/>
        <line num="55" count="2" type="stmt"/>
        <line num="56" count="2" type="stmt"/>
        <line num="57" count="2" type="stmt"/>
        <line num="58" count="2" type="stmt"/>
        <line num="59" count="2" type="stmt"/>
        <line num="60" count="2" type="stmt"/>
        <line num="62" count="2" type="stmt"/>
        <line num="76" count="6" type="cond" truecount="2" falsecount="0"/>
        <line num="77" count="1" type="stmt"/>
        <line num="81" count="3" type="cond" truecount="1" falsecount="1"/>
        <line num="82" count="3" type="stmt"/>
        <line num="87" count="35" type="stmt"/>
        <line num="114" count="35" type="stmt"/>
        <line num="116" count="35" type="stmt"/>
        <line num="117" count="3640" type="stmt"/>
        <line num="119" count="3640" type="stmt"/>
        <line num="126" count="35" type="stmt"/>
        <line num="128" count="35" type="stmt"/>
        <line num="130" count="35" type="stmt"/>
        <line num="132" count="35" type="stmt"/>
        <line num="134" count="35" type="stmt"/>
        <line num="137" count="2" type="stmt"/>
        <line num="141" count="2" type="stmt"/>
        <line num="146" count="2" type="cond" truecount="2" falsecount="0"/>
        <line num="147" count="1" type="stmt"/>
        <line num="148" count="1" type="stmt"/>
        <line num="149" count="1" type="stmt"/>
        <line num="150" count="1" type="stmt"/>
        <line num="152" count="1" type="stmt"/>
        <line num="154" count="1" type="stmt"/>
        <line num="155" count="0" type="stmt"/>
        <line num="158" count="1" type="stmt"/>
        <line num="165" count="3" type="stmt"/>
        <line num="166" count="3" type="stmt"/>
        <line num="167" count="3" type="stmt"/>
        <line num="169" count="3" type="cond" truecount="2" falsecount="0"/>
        <line num="170" count="2" type="stmt"/>
        <line num="172" count="2" type="stmt"/>
        <line num="173" count="2" type="stmt"/>
        <line num="174" count="2" type="stmt"/>
        <line num="175" count="2" type="stmt"/>
        <line num="177" count="2" type="stmt"/>
        <line num="178" count="2" type="stmt"/>
        <line num="180" count="1" type="stmt"/>
        <line num="186" count="3" type="cond" truecount="1" falsecount="1"/>
        <line num="187" count="3" type="stmt"/>
        <line num="191" count="1" type="stmt"/>
        <line num="193" count="1" type="cond" truecount="1" falsecount="1"/>
        <line num="194" count="1" type="stmt"/>
        <line num="195" count="1" type="stmt"/>
        <line num="196" count="1" type="stmt"/>
        <line num="200" count="8" type="stmt"/>
        <line num="201" count="83" type="stmt"/>
        <line num="203" count="8" type="cond" truecount="2" falsecount="0"/>
        <line num="204" count="56" type="stmt"/>
        <line num="211" count="8" type="cond" truecount="2" falsecount="0"/>
        <line num="212" count="4" type="stmt"/>
        <line num="213" count="4" type="stmt"/>
        <line num="214" count="4" type="stmt"/>
        <line num="215" count="4" type="stmt"/>
        <line num="218" count="8" type="stmt"/>
        <line num="221" count="2" type="stmt"/>
        <line num="223" count="2" type="cond" truecount="2" falsecount="0"/>
        <line num="224" count="1" type="stmt"/>
        <line num="225" count="1" type="stmt"/>
        <line num="227" count="1" type="stmt"/>
        <line num="228" count="2" type="stmt"/>
        <line num="229" count="2" type="stmt"/>
        <line num="230" count="2" type="stmt"/>
        <line num="232" count="2" type="stmt"/>
        <line num="234" count="2" type="stmt"/>
        <line num="237" count="1" type="stmt"/>
        <line num="244" count="12" type="stmt"/>
        <line num="246" count="4" type="stmt"/>
        <line num="249" count="7" type="stmt"/>
        <line num="250" count="7" type="stmt"/>
        <line num="252" count="7" type="cond" truecount="4" falsecount="1"/>
        <line num="253" count="7" type="stmt"/>
        <line num="254" count="7" type="stmt"/>
        <line num="256" count="7" type="stmt"/>
        <line num="260" count="7" type="stmt"/>
        <line num="263" count="3" type="stmt"/>
        <line num="266" count="6" type="stmt"/>
        <line num="269" count="6" type="cond" truecount="2" falsecount="0"/>
        <line num="271" count="6" type="cond" truecount="2" falsecount="0"/>
        <line num="274" count="6" type="stmt"/>
        <line num="277" count="2" type="stmt"/>
        <line num="285" count="21" type="cond" truecount="2" falsecount="0"/>
        <line num="286" count="3" type="stmt"/>
        <line num="288" count="72" type="stmt"/>
        <line num="292" count="18" type="stmt"/>
        <line num="296" count="2" type="stmt"/>
        <line num="299" count="0" type="stmt"/>
        <line num="302" count="1" type="stmt"/>
        <line num="305" count="3" type="stmt"/>
        <line num="306" count="3" type="stmt"/>
        <line num="309" count="5" type="stmt"/>
        <line num="311" count="5" type="cond" truecount="2" falsecount="0"/>
        <line num="312" count="3" type="stmt"/>
        <line num="315" count="5" type="cond" truecount="2" falsecount="0"/>
        <line num="316" count="4" type="cond" truecount="2" falsecount="0"/>
        <line num="317" count="1" type="stmt"/>
        <line num="320" count="4" type="stmt"/>
        <line num="322" count="4" type="stmt"/>
        <line num="326" count="4" type="stmt"/>
        <line num="328" count="4" type="stmt"/>
        <line num="329" count="8" type="stmt"/>
        <line num="333" count="8" type="stmt"/>
        <line num="336" count="4" type="stmt"/>
        <line num="338" count="4" type="stmt"/>
        <line num="339" count="1" type="stmt"/>
        <line num="342" count="4" type="stmt"/>
        <line num="343" count="4" type="stmt"/>
        <line num="345" count="1" type="stmt"/>
        <line num="347" count="1" type="stmt"/>
        <line num="348" count="1" type="stmt"/>
        <line num="352" count="6" type="stmt"/>
        <line num="353" count="16" type="cond" truecount="2" falsecount="0"/>
        <line num="354" count="3" type="stmt"/>
        <line num="355" count="3" type="stmt"/>
        <line num="356" count="3" type="stmt"/>
        <line num="358" count="13" type="stmt"/>
        <line num="359" count="13" type="stmt"/>
        <line num="360" count="13" type="stmt"/>
        <line num="365" count="4" type="stmt"/>
        <line num="367" count="4" type="stmt"/>
        <line num="368" count="11" type="stmt"/>
        <line num="373" count="75" type="cond" truecount="2" falsecount="0"/>
        <line num="382" count="25" type="cond" truecount="4" falsecount="0"/>
        <line num="386" count="14" type="stmt"/>
        <line num="387" count="40" type="cond" truecount="4" falsecount="0"/>
        <line num="394" count="6" type="stmt"/>
        <line num="396" count="6" type="stmt"/>
        <line num="397" count="9" type="stmt"/>
        <line num="401" count="6" type="stmt"/>
        <line num="408" count="6" type="stmt"/>
        <line num="412" count="11" type="stmt"/>
        <line num="417" count="4" type="stmt"/>
        <line num="421" count="35" type="stmt"/>
      </file>
    </package>
    <package name="src.services">
      <metrics statements="49" coveredstatements="49" conditionals="2" coveredconditionals="2" methods="10" coveredmethods="10"/>
      <file name="spiderSolitaireService.js" path="C:\Gitlab\SpiderSolitaire\src\services\spiderSolitaireService.js">
        <metrics statements="49" coveredstatements="49" conditionals="2" coveredconditionals="2" methods="10" coveredmethods="10"/>
        <line num="11" count="2" type="stmt"/>
        <line num="13" count="2" type="stmt"/>
        <line num="15" count="37" type="stmt"/>
        <line num="16" count="37" type="stmt"/>
        <line num="17" count="36" type="stmt"/>
        <line num="21" count="36" type="stmt"/>
        <line num="22" count="36" type="stmt"/>
        <line num="27" count="36" type="stmt"/>
        <line num="29" count="36" type="stmt"/>
        <line num="30" count="36" type="stmt"/>
        <line num="32" count="36" type="stmt"/>
        <line num="34" count="1" type="stmt"/>
        <line num="36" count="1" type="stmt"/>
        <line num="38" count="1" type="stmt"/>
        <line num="42" count="74" type="stmt"/>
        <line num="43" count="74" type="stmt"/>
        <line num="44" count="74" type="stmt"/>
        <line num="46" count="74" type="stmt"/>
        <line num="47" count="1968" type="stmt"/>
        <line num="49" count="1968" type="cond" truecount="2" falsecount="0"/>
        <line num="50" count="364" type="stmt"/>
        <line num="51" count="364" type="stmt"/>
        <line num="55" count="73" type="stmt"/>
        <line num="57" count="1" type="stmt"/>
        <line num="59" count="1" type="stmt"/>
        <line num="61" count="1" type="stmt"/>
        <line num="65" count="38" type="stmt"/>
        <line num="66" count="38" type="stmt"/>
        <line num="67" count="363" type="stmt"/>
        <line num="69" count="363" type="stmt"/>
        <line num="70" count="362" type="stmt"/>
        <line num="73" count="1" type="stmt"/>
        <line num="75" count="1" type="stmt"/>
        <line num="77" count="1" type="stmt"/>
        <line num="81" count="38" type="stmt"/>
        <line num="82" count="38" type="stmt"/>
        <line num="83" count="362" type="stmt"/>
        <line num="90" count="1" type="stmt"/>
        <line num="92" count="1" type="stmt"/>
        <line num="94" count="1" type="stmt"/>
        <line num="98" count="36" type="stmt"/>
        <line num="101" count="5" type="stmt"/>
        <line num="102" count="5" type="stmt"/>
        <line num="104" count="4" type="stmt"/>
        <line num="105" count="7" type="stmt"/>
        <line num="108" count="4" type="stmt"/>
        <line num="110" count="1" type="stmt"/>
        <line num="112" count="1" type="stmt"/>
        <line num="114" count="1" type="stmt"/>
      </file>
    </package>
  </project>
</coverage>
