{"C:\\Gitlab\\SpiderSolitaire\\src\\App.vue": {"path":"C:\\Gitlab\\SpiderSolitaire\\src\\App.vue","statementMap":{"0":{"start":{"line":8,"column":0},"end":{"line":8,"column":null}}},"fnMap":{},"branchMap":{},"s":{"0":1},"f":{},"b":{}}
,"C:\\Gitlab\\SpiderSolitaire\\src\\common\\constants\\constants.js": {"path":"C:\\Gitlab\\SpiderSolitaire\\src\\common\\constants\\constants.js","statementMap":{"0":{"start":{"line":3,"column":25},"end":{"line":17,"column":1}}},"fnMap":{},"branchMap":{},"s":{"0":3},"f":{},"b":{},"_coverageSchema":"43e27e138ebf9cfc5966b082cf9a028302ed4184","hash":"495f12178ff494edccf21540154090f894674da0"}
,"C:\\Gitlab\\SpiderSolitaire\\src\\common\\enums\\scoreRuleEnum.js": {"path":"C:\\Gitlab\\SpiderSolitaire\\src\\common\\enums\\scoreRuleEnum.js","statementMap":{"0":{"start":{"line":1,"column":29},"end":{"line":6,"column":1}}},"fnMap":{},"branchMap":{},"s":{"0":3},"f":{},"b":{},"_coverageSchema":"43e27e138ebf9cfc5966b082cf9a028302ed4184","hash":"c5288d86962b1d9bb15e0f006ab5585cb9cb21d8"}
,"C:\\Gitlab\\SpiderSolitaire\\src\\common\\enums\\toastrTypeEnum.js": {"path":"C:\\Gitlab\\SpiderSolitaire\\src\\common\\enums\\toastrTypeEnum.js","statementMap":{"0":{"start":{"line":1,"column":30},"end":{"line":5,"column":1}}},"fnMap":{},"branchMap":{},"s":{"0":2},"f":{},"b":{},"_coverageSchema":"43e27e138ebf9cfc5966b082cf9a028302ed4184","hash":"11e711c1974788e564fb53e52389e5a1a26bf04d"}
,"C:\\Gitlab\\SpiderSolitaire\\src\\common\\helpers\\utils.js": {"path":"C:\\Gitlab\\SpiderSolitaire\\src\\common\\helpers\\utils.js","statementMap":{"0":{"start":{"line":1,"column":14},"end":{"line":35,"column":1}},"1":{"start":{"line":3,"column":4},"end":{"line":17,"column":5}},"2":{"start":{"line":4,"column":6},"end":{"line":8,"column":7}},"3":{"start":{"line":4,"column":19},"end":{"line":4,"column":35}},"4":{"start":{"line":5,"column":16},"end":{"line":5,"column":51}},"5":{"start":{"line":7,"column":8},"end":{"line":7,"column":52}},"6":{"start":{"line":10,"column":6},"end":{"line":10,"column":19}},"7":{"start":{"line":12,"column":21},"end":{"line":12,"column":50}},"8":{"start":{"line":14,"column":6},"end":{"line":14,"column":28}},"9":{"start":{"line":16,"column":6},"end":{"line":16,"column":21}},"10":{"start":{"line":20,"column":4},"end":{"line":33,"column":5}},"11":{"start":{"line":21,"column":29},"end":{"line":23,"column":8}},"12":{"start":{"line":22,"column":8},"end":{"line":22,"column":35}},"13":{"start":{"line":24,"column":27},"end":{"line":24,"column":70}},"14":{"start":{"line":24,"column":59},"end":{"line":24,"column":69}},"15":{"start":{"line":26,"column":6},"end":{"line":26,"column":26}},"16":{"start":{"line":28,"column":21},"end":{"line":28,"column":50}},"17":{"start":{"line":30,"column":6},"end":{"line":30,"column":28}},"18":{"start":{"line":32,"column":6},"end":{"line":32,"column":21}}},"fnMap":{"0":{"name":"(anonymous_0)","decl":{"start":{"line":2,"column":2},"end":{"line":2,"column":3}},"loc":{"start":{"line":2,"column":22},"end":{"line":18,"column":3}},"line":2},"1":{"name":"(anonymous_1)","decl":{"start":{"line":19,"column":2},"end":{"line":19,"column":3}},"loc":{"start":{"line":19,"column":22},"end":{"line":34,"column":3}},"line":19},"2":{"name":"(anonymous_2)","decl":{"start":{"line":21,"column":48},"end":{"line":21,"column":49}},"loc":{"start":{"line":21,"column":65},"end":{"line":23,"column":7}},"line":21},"3":{"name":"(anonymous_3)","decl":{"start":{"line":24,"column":48},"end":{"line":24,"column":49}},"loc":{"start":{"line":24,"column":59},"end":{"line":24,"column":69}},"line":24}},"branchMap":{},"s":{"0":3,"1":37,"2":37,"3":37,"4":3610,"5":3610,"6":36,"7":1,"8":1,"9":1,"10":65,"11":65,"12":113,"13":64,"14":110,"15":64,"16":1,"17":1,"18":1},"f":{"0":37,"1":65,"2":113,"3":110},"b":{},"_coverageSchema":"43e27e138ebf9cfc5966b082cf9a028302ed4184","hash":"629b0336c281ae7d160718c08744cd4edddac5d0"}
,"C:\\Gitlab\\SpiderSolitaire\\src\\components\\Button.vue": {"path":"C:\\Gitlab\\SpiderSolitaire\\src\\components\\Button.vue","statementMap":{"0":{"start":{"line":29,"column":0},"end":{"line":29,"column":null}},"1":{"start":{"line":32,"column":0},"end":{"line":32,"column":null}}},"fnMap":{"0":{"name":"(anonymous_1)","decl":{"start":{"line":28,"column":0},"end":{"line":28,"column":null}},"loc":{"start":{"line":28,"column":0},"end":{"line":30,"column":null}}},"1":{"name":"(anonymous_2)","decl":{"start":{"line":31,"column":0},"end":{"line":31,"column":null}},"loc":{"start":{"line":31,"column":0},"end":{"line":33,"column":null}}}},"branchMap":{},"s":{"0":1,"1":3},"f":{"0":1,"1":3},"b":{}}
,"C:\\Gitlab\\SpiderSolitaire\\src\\components\\Card.vue": {"path":"C:\\Gitlab\\SpiderSolitaire\\src\\components\\Card.vue","statementMap":{"0":{"start":{"line":33,"column":0},"end":{"line":33,"column":null}},"1":{"start":{"line":60,"column":0},"end":{"line":60,"column":null}},"2":{"start":{"line":63,"column":0},"end":{"line":63,"column":null}},"3":{"start":{"line":66,"column":0},"end":{"line":66,"column":null}},"4":{"start":{"line":69,"column":0},"end":{"line":73,"column":null}},"5":{"start":{"line":70,"column":0},"end":{"line":70,"column":null}},"6":{"start":{"line":72,"column":0},"end":{"line":72,"column":null}}},"fnMap":{"0":{"name":"(anonymous_1)","decl":{"start":{"line":59,"column":0},"end":{"line":59,"column":null}},"loc":{"start":{"line":59,"column":0},"end":{"line":61,"column":null}}},"1":{"name":"(anonymous_2)","decl":{"start":{"line":62,"column":0},"end":{"line":62,"column":null}},"loc":{"start":{"line":62,"column":0},"end":{"line":64,"column":null}}},"2":{"name":"(anonymous_3)","decl":{"start":{"line":65,"column":0},"end":{"line":65,"column":null}},"loc":{"start":{"line":65,"column":0},"end":{"line":67,"column":null}}},"3":{"name":"(anonymous_4)","decl":{"start":{"line":68,"column":0},"end":{"line":68,"column":null}},"loc":{"start":{"line":68,"column":0},"end":{"line":74,"column":null}}}},"branchMap":{"0":{"loc":{"start":{"line":69,"column":0},"end":{"line":73,"column":null}},"type":"if","locations":[{"start":{"line":69,"column":0},"end":{"line":73,"column":null}},{"start":{"line":69,"column":0},"end":{"line":73,"column":null}}]}},"s":{"0":3,"1":1,"2":1,"3":1,"4":5,"5":4,"6":1},"f":{"0":1,"1":1,"2":1,"3":5},"b":{"0":[4,1]}}
,"C:\\Gitlab\\SpiderSolitaire\\src\\components\\CardDealSection.vue": {"path":"C:\\Gitlab\\SpiderSolitaire\\src\\components\\CardDealSection.vue","statementMap":{"0":{"start":{"line":27,"column":0},"end":{"line":27,"column":null}},"1":{"start":{"line":43,"column":0},"end":{"line":43,"column":null}}},"fnMap":{"0":{"name":"(anonymous_1)","decl":{"start":{"line":42,"column":0},"end":{"line":42,"column":null}},"loc":{"start":{"line":42,"column":0},"end":{"line":44,"column":null}}}},"branchMap":{},"s":{"0":3,"1":1},"f":{"0":1},"b":{}}
,"C:\\Gitlab\\SpiderSolitaire\\src\\components\\CardHolderSection.vue": {"path":"C:\\Gitlab\\SpiderSolitaire\\src\\components\\CardHolderSection.vue","statementMap":{"0":{"start":{"line":16,"column":0},"end":{"line":16,"column":null}},"1":{"start":{"line":36,"column":0},"end":{"line":36,"column":null}},"2":{"start":{"line":37,"column":0},"end":{"line":37,"column":null}},"3":{"start":{"line":41,"column":0},"end":{"line":41,"column":null}},"4":{"start":{"line":47,"column":0},"end":{"line":47,"column":null}},"5":{"start":{"line":49,"column":0},"end":{"line":57,"column":null}},"6":{"start":{"line":49,"column":0},"end":{"line":49,"column":null}},"7":{"start":{"line":50,"column":0},"end":{"line":50,"column":null}},"8":{"start":{"line":52,"column":0},"end":{"line":54,"column":null}},"9":{"start":{"line":53,"column":0},"end":{"line":53,"column":null}},"10":{"start":{"line":56,"column":0},"end":{"line":56,"column":null}},"11":{"start":{"line":59,"column":0},"end":{"line":59,"column":null}},"12":{"start":{"line":63,"column":0},"end":{"line":63,"column":null}}},"fnMap":{"0":{"name":"(anonymous_1)","decl":{"start":{"line":35,"column":0},"end":{"line":35,"column":null}},"loc":{"start":{"line":35,"column":0},"end":{"line":38,"column":null}}},"1":{"name":"(anonymous_2)","decl":{"start":{"line":36,"column":0},"end":{"line":36,"column":null}},"loc":{"start":{"line":36,"column":0},"end":{"line":36,"column":null}}},"2":{"name":"(anonymous_3)","decl":{"start":{"line":40,"column":0},"end":{"line":40,"column":null}},"loc":{"start":{"line":40,"column":0},"end":{"line":44,"column":null}}},"3":{"name":"(anonymous_4)","decl":{"start":{"line":46,"column":0},"end":{"line":46,"column":null}},"loc":{"start":{"line":46,"column":0},"end":{"line":60,"column":null}}},"4":{"name":"(anonymous_5)","decl":{"start":{"line":62,"column":0},"end":{"line":62,"column":null}},"loc":{"start":{"line":62,"column":0},"end":{"line":64,"column":null}}}},"branchMap":{"0":{"loc":{"start":{"line":52,"column":0},"end":{"line":54,"column":null}},"type":"if","locations":[{"start":{"line":52,"column":0},"end":{"line":54,"column":null}},{"start":{"line":52,"column":0},"end":{"line":54,"column":null}}]}},"s":{"0":3,"1":9,"2":1,"3":3,"4":3,"5":3,"6":3,"7":24,"8":24,"9":4,"10":24,"11":3,"12":3},"f":{"0":1,"1":8,"2":3,"3":3,"4":3},"b":{"0":[4,20]}}
,"C:\\Gitlab\\SpiderSolitaire\\src\\components\\ConfirmBox.vue": {"path":"C:\\Gitlab\\SpiderSolitaire\\src\\components\\ConfirmBox.vue","statementMap":{"0":{"start":{"line":26,"column":0},"end":{"line":26,"column":null}},"1":{"start":{"line":32,"column":0},"end":{"line":32,"column":null}},"2":{"start":{"line":35,"column":0},"end":{"line":35,"column":null}}},"fnMap":{"0":{"name":"(anonymous_1)","decl":{"start":{"line":25,"column":0},"end":{"line":25,"column":null}},"loc":{"start":{"line":25,"column":0},"end":{"line":29,"column":null}}},"1":{"name":"(anonymous_2)","decl":{"start":{"line":31,"column":0},"end":{"line":31,"column":null}},"loc":{"start":{"line":31,"column":0},"end":{"line":33,"column":null}}},"2":{"name":"(anonymous_3)","decl":{"start":{"line":34,"column":0},"end":{"line":34,"column":null}},"loc":{"start":{"line":34,"column":0},"end":{"line":36,"column":null}}}},"branchMap":{},"s":{"0":4,"1":1,"2":1},"f":{"0":4,"1":1,"2":1},"b":{}}
,"C:\\Gitlab\\SpiderSolitaire\\src\\components\\HeaderSection.vue": {"path":"C:\\Gitlab\\SpiderSolitaire\\src\\components\\HeaderSection.vue","statementMap":{"0":{"start":{"line":17,"column":0},"end":{"line":17,"column":null}},"1":{"start":{"line":18,"column":0},"end":{"line":18,"column":null}},"2":{"start":{"line":19,"column":0},"end":{"line":19,"column":null}},"3":{"start":{"line":40,"column":0},"end":{"line":40,"column":null}}},"fnMap":{"0":{"name":"(anonymous_1)","decl":{"start":{"line":39,"column":0},"end":{"line":39,"column":null}},"loc":{"start":{"line":39,"column":0},"end":{"line":41,"column":null}}}},"branchMap":{},"s":{"0":3,"1":3,"2":3,"3":1},"f":{"0":1},"b":{}}
,"C:\\Gitlab\\SpiderSolitaire\\src\\components\\Timer.vue": {"path":"C:\\Gitlab\\SpiderSolitaire\\src\\components\\Timer.vue","statementMap":{"0":{"start":{"line":19,"column":0},"end":{"line":21,"column":null}},"1":{"start":{"line":20,"column":0},"end":{"line":20,"column":null}},"2":{"start":{"line":25,"column":0},"end":{"line":25,"column":null}},"3":{"start":{"line":32,"column":0},"end":{"line":32,"column":null}},"4":{"start":{"line":33,"column":0},"end":{"line":33,"column":null}},"5":{"start":{"line":35,"column":0},"end":{"line":35,"column":null}},"6":{"start":{"line":37,"column":0},"end":{"line":37,"column":null}},"7":{"start":{"line":39,"column":0},"end":{"line":39,"column":null}},"8":{"start":{"line":44,"column":0},"end":{"line":46,"column":null}},"9":{"start":{"line":45,"column":0},"end":{"line":45,"column":null}},"10":{"start":{"line":49,"column":0},"end":{"line":49,"column":null}},"11":{"start":{"line":53,"column":0},"end":{"line":53,"column":null}}},"fnMap":{"0":{"name":"(anonymous_1)","decl":{"start":{"line":18,"column":0},"end":{"line":18,"column":null}},"loc":{"start":{"line":18,"column":0},"end":{"line":22,"column":null}}},"1":{"name":"(anonymous_2)","decl":{"start":{"line":24,"column":0},"end":{"line":24,"column":null}},"loc":{"start":{"line":24,"column":0},"end":{"line":29,"column":null}}},"2":{"name":"(anonymous_3)","decl":{"start":{"line":31,"column":0},"end":{"line":31,"column":null}},"loc":{"start":{"line":31,"column":0},"end":{"line":40,"column":null}}},"3":{"name":"(anonymous_4)","decl":{"start":{"line":43,"column":0},"end":{"line":43,"column":null}},"loc":{"start":{"line":43,"column":0},"end":{"line":47,"column":null}}},"4":{"name":"(anonymous_5)","decl":{"start":{"line":44,"column":0},"end":{"line":44,"column":null}},"loc":{"start":{"line":44,"column":0},"end":{"line":46,"column":null}}},"5":{"name":"(anonymous_6)","decl":{"start":{"line":48,"column":0},"end":{"line":48,"column":null}},"loc":{"start":{"line":48,"column":0},"end":{"line":50,"column":null}}},"6":{"name":"(anonymous_7)","decl":{"start":{"line":52,"column":0},"end":{"line":52,"column":null}},"loc":{"start":{"line":52,"column":0},"end":{"line":54,"column":null}}}},"branchMap":{"0":{"loc":{"start":{"line":19,"column":0},"end":{"line":21,"column":null}},"type":"if","locations":[{"start":{"line":19,"column":0},"end":{"line":21,"column":null}},{"start":{"line":19,"column":0},"end":{"line":21,"column":null}}]}},"s":{"0":1,"1":1,"2":3,"3":9,"4":9,"5":9,"6":9,"7":9,"8":3,"9":18,"10":1,"11":3},"f":{"0":1,"1":3,"2":9,"3":3,"4":18,"5":1,"6":3},"b":{"0":[1,0]}}
,"C:\\Gitlab\\SpiderSolitaire\\src\\components\\Toastr\\Toastr.js": {"path":"C:\\Gitlab\\SpiderSolitaire\\src\\components\\Toastr\\Toastr.js","statementMap":{"0":{"start":{"line":5,"column":4},"end":{"line":14,"column":14}}},"fnMap":{"0":{"name":"(anonymous_0)","decl":{"start":{"line":4,"column":14},"end":{"line":4,"column":15}},"loc":{"start":{"line":4,"column":30},"end":{"line":15,"column":3}},"line":4}},"branchMap":{},"s":{"0":3},"f":{"0":3},"b":{},"_coverageSchema":"43e27e138ebf9cfc5966b082cf9a028302ed4184","hash":"f4756a2c458093d3e0117b9a5beae6c974121d56"}
,"C:\\Gitlab\\SpiderSolitaire\\src\\pages\\SpiderSolitaire.vue": {"path":"C:\\Gitlab\\SpiderSolitaire\\src\\pages\\SpiderSolitaire.vue","statementMap":{"0":{"start":{"line":51,"column":0},"end":{"line":51,"column":null}},"1":{"start":{"line":52,"column":0},"end":{"line":52,"column":null}},"2":{"start":{"line":53,"column":0},"end":{"line":53,"column":null}},"3":{"start":{"line":54,"column":0},"end":{"line":54,"column":null}},"4":{"start":{"line":55,"column":0},"end":{"line":55,"column":null}},"5":{"start":{"line":56,"column":0},"end":{"line":56,"column":null}},"6":{"start":{"line":57,"column":0},"end":{"line":57,"column":null}},"7":{"start":{"line":58,"column":0},"end":{"line":58,"column":null}},"8":{"start":{"line":59,"column":0},"end":{"line":59,"column":null}},"9":{"start":{"line":63,"column":0},"end":{"line":63,"column":null}},"10":{"start":{"line":77,"column":0},"end":{"line":79,"column":null}},"11":{"start":{"line":78,"column":0},"end":{"line":78,"column":null}},"12":{"start":{"line":82,"column":0},"end":{"line":84,"column":null}},"13":{"start":{"line":83,"column":0},"end":{"line":83,"column":null}},"14":{"start":{"line":88,"column":0},"end":{"line":88,"column":null}},"15":{"start":{"line":115,"column":0},"end":{"line":115,"column":null}},"16":{"start":{"line":117,"column":0},"end":{"line":125,"column":null}},"17":{"start":{"line":117,"column":0},"end":{"line":117,"column":null}},"18":{"start":{"line":118,"column":0},"end":{"line":118,"column":null}},"19":{"start":{"line":120,"column":0},"end":{"line":120,"column":null}},"20":{"start":{"line":127,"column":0},"end":{"line":127,"column":null}},"21":{"start":{"line":129,"column":0},"end":{"line":129,"column":null}},"22":{"start":{"line":131,"column":0},"end":{"line":131,"column":null}},"23":{"start":{"line":133,"column":0},"end":{"line":133,"column":null}},"24":{"start":{"line":135,"column":0},"end":{"line":135,"column":null}},"25":{"start":{"line":138,"column":0},"end":{"line":138,"column":null}},"26":{"start":{"line":142,"column":0},"end":{"line":142,"column":null}},"27":{"start":{"line":147,"column":0},"end":{"line":163,"column":null}},"28":{"start":{"line":148,"column":0},"end":{"line":148,"column":null}},"29":{"start":{"line":149,"column":0},"end":{"line":149,"column":null}},"30":{"start":{"line":150,"column":0},"end":{"line":150,"column":null}},"31":{"start":{"line":151,"column":0},"end":{"line":151,"column":null}},"32":{"start":{"line":153,"column":0},"end":{"line":153,"column":null}},"33":{"start":{"line":155,"column":0},"end":{"line":157,"column":null}},"34":{"start":{"line":156,"column":0},"end":{"line":156,"column":null}},"35":{"start":{"line":159,"column":0},"end":{"line":159,"column":null}},"36":{"start":{"line":166,"column":0},"end":{"line":166,"column":null}},"37":{"start":{"line":167,"column":0},"end":{"line":167,"column":null}},"38":{"start":{"line":168,"column":0},"end":{"line":168,"column":null}},"39":{"start":{"line":170,"column":0},"end":{"line":185,"column":null}},"40":{"start":{"line":171,"column":0},"end":{"line":171,"column":null}},"41":{"start":{"line":173,"column":0},"end":{"line":173,"column":null}},"42":{"start":{"line":174,"column":0},"end":{"line":174,"column":null}},"43":{"start":{"line":175,"column":0},"end":{"line":175,"column":null}},"44":{"start":{"line":176,"column":0},"end":{"line":176,"column":null}},"45":{"start":{"line":178,"column":0},"end":{"line":178,"column":null}},"46":{"start":{"line":179,"column":0},"end":{"line":179,"column":null}},"47":{"start":{"line":181,"column":0},"end":{"line":181,"column":null}},"48":{"start":{"line":187,"column":0},"end":{"line":189,"column":null}},"49":{"start":{"line":188,"column":0},"end":{"line":188,"column":null}},"50":{"start":{"line":192,"column":0},"end":{"line":192,"column":null}},"51":{"start":{"line":194,"column":0},"end":{"line":198,"column":null}},"52":{"start":{"line":195,"column":0},"end":{"line":195,"column":null}},"53":{"start":{"line":196,"column":0},"end":{"line":196,"column":null}},"54":{"start":{"line":197,"column":0},"end":{"line":197,"column":null}},"55":{"start":{"line":201,"column":0},"end":{"line":201,"column":null}},"56":{"start":{"line":202,"column":0},"end":{"line":202,"column":null}},"57":{"start":{"line":204,"column":0},"end":{"line":210,"column":null}},"58":{"start":{"line":205,"column":0},"end":{"line":205,"column":null}},"59":{"start":{"line":212,"column":0},"end":{"line":217,"column":null}},"60":{"start":{"line":213,"column":0},"end":{"line":213,"column":null}},"61":{"start":{"line":214,"column":0},"end":{"line":214,"column":null}},"62":{"start":{"line":215,"column":0},"end":{"line":215,"column":null}},"63":{"start":{"line":216,"column":0},"end":{"line":216,"column":null}},"64":{"start":{"line":219,"column":0},"end":{"line":219,"column":null}},"65":{"start":{"line":222,"column":0},"end":{"line":222,"column":null}},"66":{"start":{"line":224,"column":0},"end":{"line":242,"column":null}},"67":{"start":{"line":225,"column":0},"end":{"line":225,"column":null}},"68":{"start":{"line":226,"column":0},"end":{"line":226,"column":null}},"69":{"start":{"line":228,"column":0},"end":{"line":236,"column":null}},"70":{"start":{"line":229,"column":0},"end":{"line":229,"column":null}},"71":{"start":{"line":230,"column":0},"end":{"line":230,"column":null}},"72":{"start":{"line":231,"column":0},"end":{"line":231,"column":null}},"73":{"start":{"line":233,"column":0},"end":{"line":233,"column":null}},"74":{"start":{"line":235,"column":0},"end":{"line":235,"column":null}},"75":{"start":{"line":238,"column":0},"end":{"line":238,"column":null}},"76":{"start":{"line":245,"column":0},"end":{"line":245,"column":null}},"77":{"start":{"line":247,"column":0},"end":{"line":247,"column":null}},"78":{"start":{"line":250,"column":0},"end":{"line":250,"column":null}},"79":{"start":{"line":251,"column":0},"end":{"line":251,"column":null}},"80":{"start":{"line":253,"column":0},"end":{"line":258,"column":null}},"81":{"start":{"line":254,"column":0},"end":{"line":254,"column":null}},"82":{"start":{"line":255,"column":0},"end":{"line":255,"column":null}},"83":{"start":{"line":257,"column":0},"end":{"line":257,"column":null}},"84":{"start":{"line":261,"column":0},"end":{"line":261,"column":null}},"85":{"start":{"line":264,"column":0},"end":{"line":264,"column":null}},"86":{"start":{"line":267,"column":0},"end":{"line":267,"column":null}},"87":{"start":{"line":270,"column":0},"end":{"line":270,"column":null}},"88":{"start":{"line":272,"column":0},"end":{"line":272,"column":null}},"89":{"start":{"line":275,"column":0},"end":{"line":275,"column":null}},"90":{"start":{"line":278,"column":0},"end":{"line":278,"column":null}},"91":{"start":{"line":286,"column":0},"end":{"line":294,"column":null}},"92":{"start":{"line":287,"column":0},"end":{"line":287,"column":null}},"93":{"start":{"line":289,"column":0},"end":{"line":289,"column":null}},"94":{"start":{"line":293,"column":0},"end":{"line":293,"column":null}},"95":{"start":{"line":297,"column":0},"end":{"line":297,"column":null}},"96":{"start":{"line":300,"column":0},"end":{"line":300,"column":null}},"97":{"start":{"line":303,"column":0},"end":{"line":303,"column":null}},"98":{"start":{"line":306,"column":0},"end":{"line":306,"column":null}},"99":{"start":{"line":307,"column":0},"end":{"line":307,"column":null}},"100":{"start":{"line":310,"column":0},"end":{"line":310,"column":null}},"101":{"start":{"line":312,"column":0},"end":{"line":314,"column":null}},"102":{"start":{"line":313,"column":0},"end":{"line":313,"column":null}},"103":{"start":{"line":316,"column":0},"end":{"line":350,"column":null}},"104":{"start":{"line":317,"column":0},"end":{"line":319,"column":null}},"105":{"start":{"line":318,"column":0},"end":{"line":318,"column":null}},"106":{"start":{"line":321,"column":0},"end":{"line":321,"column":null}},"107":{"start":{"line":323,"column":0},"end":{"line":323,"column":null}},"108":{"start":{"line":327,"column":0},"end":{"line":327,"column":null}},"109":{"start":{"line":329,"column":0},"end":{"line":335,"column":null}},"110":{"start":{"line":330,"column":0},"end":{"line":330,"column":null}},"111":{"start":{"line":334,"column":0},"end":{"line":334,"column":null}},"112":{"start":{"line":337,"column":0},"end":{"line":337,"column":null}},"113":{"start":{"line":339,"column":0},"end":{"line":341,"column":null}},"114":{"start":{"line":340,"column":0},"end":{"line":340,"column":null}},"115":{"start":{"line":343,"column":0},"end":{"line":343,"column":null}},"116":{"start":{"line":344,"column":0},"end":{"line":344,"column":null}},"117":{"start":{"line":346,"column":0},"end":{"line":346,"column":null}},"118":{"start":{"line":348,"column":0},"end":{"line":348,"column":null}},"119":{"start":{"line":349,"column":0},"end":{"line":349,"column":null}},"120":{"start":{"line":353,"column":0},"end":{"line":365,"column":null}},"121":{"start":{"line":354,"column":0},"end":{"line":364,"column":null}},"122":{"start":{"line":355,"column":0},"end":{"line":355,"column":null}},"123":{"start":{"line":356,"column":0},"end":{"line":356,"column":null}},"124":{"start":{"line":357,"column":0},"end":{"line":357,"column":null}},"125":{"start":{"line":358,"column":0},"end":{"line":358,"column":null}},"126":{"start":{"line":360,"column":0},"end":{"line":360,"column":null}},"127":{"start":{"line":361,"column":0},"end":{"line":361,"column":null}},"128":{"start":{"line":362,"column":0},"end":{"line":362,"column":null}},"129":{"start":{"line":363,"column":0},"end":{"line":363,"column":null}},"130":{"start":{"line":368,"column":0},"end":{"line":368,"column":null}},"131":{"start":{"line":370,"column":0},"end":{"line":418,"column":null}},"132":{"start":{"line":371,"column":0},"end":{"line":417,"column":null}},"133":{"start":{"line":371,"column":0},"end":{"line":371,"column":null}},"134":{"start":{"line":376,"column":0},"end":{"line":376,"column":null}},"135":{"start":{"line":385,"column":0},"end":{"line":416,"column":null}},"136":{"start":{"line":389,"column":0},"end":{"line":413,"column":null}},"137":{"start":{"line":390,"column":0},"end":{"line":412,"column":null}},"138":{"start":{"line":397,"column":0},"end":{"line":397,"column":null}},"139":{"start":{"line":399,"column":0},"end":{"line":400,"column":null}},"140":{"start":{"line":400,"column":0},"end":{"line":400,"column":null}},"141":{"start":{"line":404,"column":0},"end":{"line":404,"column":null}},"142":{"start":{"line":411,"column":0},"end":{"line":411,"column":null}},"143":{"start":{"line":415,"column":0},"end":{"line":415,"column":null}},"144":{"start":{"line":420,"column":0},"end":{"line":420,"column":null}},"145":{"start":{"line":424,"column":0},"end":{"line":424,"column":null}}},"fnMap":{"0":{"name":"(anonymous_1)","decl":{"start":{"line":76,"column":0},"end":{"line":76,"column":null}},"loc":{"start":{"line":76,"column":0},"end":{"line":80,"column":null}}},"1":{"name":"(anonymous_2)","decl":{"start":{"line":81,"column":0},"end":{"line":81,"column":null}},"loc":{"start":{"line":81,"column":0},"end":{"line":85,"column":null}}},"2":{"name":"(anonymous_3)","decl":{"start":{"line":87,"column":0},"end":{"line":87,"column":null}},"loc":{"start":{"line":87,"column":0},"end":{"line":111,"column":null}}},"3":{"name":"(anonymous_4)","decl":{"start":{"line":114,"column":0},"end":{"line":114,"column":null}},"loc":{"start":{"line":114,"column":0},"end":{"line":136,"column":null}}},"4":{"name":"(anonymous_5)","decl":{"start":{"line":137,"column":0},"end":{"line":137,"column":null}},"loc":{"start":{"line":137,"column":0},"end":{"line":164,"column":null}}},"5":{"name":"(anonymous_6)","decl":{"start":{"line":155,"column":0},"end":{"line":155,"column":null}},"loc":{"start":{"line":155,"column":0},"end":{"line":157,"column":null}}},"6":{"name":"(anonymous_7)","decl":{"start":{"line":165,"column":0},"end":{"line":165,"column":null}},"loc":{"start":{"line":165,"column":0},"end":{"line":190,"column":null}}},"7":{"name":"(anonymous_8)","decl":{"start":{"line":191,"column":0},"end":{"line":191,"column":null}},"loc":{"start":{"line":191,"column":0},"end":{"line":199,"column":null}}},"8":{"name":"(anonymous_9)","decl":{"start":{"line":200,"column":0},"end":{"line":200,"column":null}},"loc":{"start":{"line":200,"column":0},"end":{"line":220,"column":null}}},"9":{"name":"(anonymous_10)","decl":{"start":{"line":202,"column":0},"end":{"line":202,"column":null}},"loc":{"start":{"line":202,"column":0},"end":{"line":202,"column":null}}},"10":{"name":"(anonymous_11)","decl":{"start":{"line":205,"column":0},"end":{"line":205,"column":null}},"loc":{"start":{"line":205,"column":0},"end":{"line":205,"column":null}}},"11":{"name":"(anonymous_12)","decl":{"start":{"line":221,"column":0},"end":{"line":221,"column":null}},"loc":{"start":{"line":221,"column":0},"end":{"line":243,"column":null}}},"12":{"name":"(anonymous_13)","decl":{"start":{"line":228,"column":0},"end":{"line":228,"column":null}},"loc":{"start":{"line":228,"column":0},"end":{"line":236,"column":null}}},"13":{"name":"(anonymous_14)","decl":{"start":{"line":244,"column":0},"end":{"line":244,"column":null}},"loc":{"start":{"line":244,"column":0},"end":{"line":248,"column":null}}},"14":{"name":"(anonymous_15)","decl":{"start":{"line":245,"column":0},"end":{"line":245,"column":null}},"loc":{"start":{"line":245,"column":0},"end":{"line":245,"column":null}}},"15":{"name":"(anonymous_16)","decl":{"start":{"line":249,"column":0},"end":{"line":249,"column":null}},"loc":{"start":{"line":249,"column":0},"end":{"line":259,"column":null}}},"16":{"name":"(anonymous_17)","decl":{"start":{"line":260,"column":0},"end":{"line":260,"column":null}},"loc":{"start":{"line":260,"column":0},"end":{"line":262,"column":null}}},"17":{"name":"(anonymous_18)","decl":{"start":{"line":263,"column":0},"end":{"line":263,"column":null}},"loc":{"start":{"line":263,"column":0},"end":{"line":265,"column":null}}},"18":{"name":"(anonymous_19)","decl":{"start":{"line":266,"column":0},"end":{"line":266,"column":null}},"loc":{"start":{"line":266,"column":0},"end":{"line":268,"column":null}}},"19":{"name":"(anonymous_20)","decl":{"start":{"line":269,"column":0},"end":{"line":269,"column":null}},"loc":{"start":{"line":269,"column":0},"end":{"line":276,"column":null}}},"20":{"name":"(anonymous_21)","decl":{"start":{"line":277,"column":0},"end":{"line":277,"column":null}},"loc":{"start":{"line":277,"column":0},"end":{"line":279,"column":null}}},"21":{"name":"(anonymous_22)","decl":{"start":{"line":285,"column":0},"end":{"line":285,"column":null}},"loc":{"start":{"line":285,"column":0},"end":{"line":295,"column":null}}},"22":{"name":"(anonymous_23)","decl":{"start":{"line":289,"column":0},"end":{"line":289,"column":null}},"loc":{"start":{"line":289,"column":0},"end":{"line":289,"column":null}}},"23":{"name":"(anonymous_24)","decl":{"start":{"line":296,"column":0},"end":{"line":296,"column":null}},"loc":{"start":{"line":296,"column":0},"end":{"line":298,"column":null}}},"24":{"name":"(anonymous_25)","decl":{"start":{"line":299,"column":0},"end":{"line":299,"column":null}},"loc":{"start":{"line":299,"column":0},"end":{"line":301,"column":null}}},"25":{"name":"(anonymous_26)","decl":{"start":{"line":302,"column":0},"end":{"line":302,"column":null}},"loc":{"start":{"line":302,"column":0},"end":{"line":304,"column":null}}},"26":{"name":"(anonymous_27)","decl":{"start":{"line":305,"column":0},"end":{"line":305,"column":null}},"loc":{"start":{"line":305,"column":0},"end":{"line":308,"column":null}}},"27":{"name":"(anonymous_28)","decl":{"start":{"line":309,"column":0},"end":{"line":309,"column":null}},"loc":{"start":{"line":309,"column":0},"end":{"line":351,"column":null}}},"28":{"name":"(anonymous_29)","decl":{"start":{"line":329,"column":0},"end":{"line":329,"column":null}},"loc":{"start":{"line":329,"column":0},"end":{"line":335,"column":null}}},"29":{"name":"(anonymous_30)","decl":{"start":{"line":339,"column":0},"end":{"line":339,"column":null}},"loc":{"start":{"line":339,"column":0},"end":{"line":341,"column":null}}},"30":{"name":"(anonymous_31)","decl":{"start":{"line":352,"column":0},"end":{"line":352,"column":null}},"loc":{"start":{"line":352,"column":0},"end":{"line":366,"column":null}}},"31":{"name":"(anonymous_32)","decl":{"start":{"line":353,"column":0},"end":{"line":353,"column":null}},"loc":{"start":{"line":353,"column":0},"end":{"line":365,"column":null}}},"32":{"name":"(anonymous_33)","decl":{"start":{"line":367,"column":0},"end":{"line":367,"column":null}},"loc":{"start":{"line":367,"column":0},"end":{"line":421,"column":null}}},"33":{"name":"(anonymous_34)","decl":{"start":{"line":370,"column":0},"end":{"line":370,"column":null}},"loc":{"start":{"line":370,"column":0},"end":{"line":418,"column":null}}},"34":{"name":"(anonymous_35)","decl":{"start":{"line":389,"column":0},"end":{"line":389,"column":null}},"loc":{"start":{"line":389,"column":0},"end":{"line":413,"column":null}}},"35":{"name":"(anonymous_36)","decl":{"start":{"line":400,"column":0},"end":{"line":400,"column":null}},"loc":{"start":{"line":400,"column":0},"end":{"line":400,"column":null}}},"36":{"name":"(anonymous_37)","decl":{"start":{"line":423,"column":0},"end":{"line":423,"column":null}},"loc":{"start":{"line":423,"column":0},"end":{"line":425,"column":null}}}},"branchMap":{"0":{"loc":{"start":{"line":77,"column":0},"end":{"line":79,"column":null}},"type":"if","locations":[{"start":{"line":77,"column":0},"end":{"line":79,"column":null}},{"start":{"line":77,"column":0},"end":{"line":79,"column":null}}]},"1":{"loc":{"start":{"line":82,"column":0},"end":{"line":84,"column":null}},"type":"if","locations":[{"start":{"line":82,"column":0},"end":{"line":84,"column":null}},{"start":{"line":82,"column":0},"end":{"line":84,"column":null}}]},"2":{"loc":{"start":{"line":121,"column":0},"end":{"line":121,"column":null}},"type":"cond-expr","locations":[{"start":{"line":121,"column":0},"end":{"line":121,"column":null}},{"start":{"line":121,"column":0},"end":{"line":121,"column":null}}]},"3":{"loc":{"start":{"line":147,"column":0},"end":{"line":163,"column":null}},"type":"if","locations":[{"start":{"line":147,"column":0},"end":{"line":163,"column":null}},{"start":{"line":147,"column":0},"end":{"line":163,"column":null}}]},"4":{"loc":{"start":{"line":170,"column":0},"end":{"line":185,"column":null}},"type":"if","locations":[{"start":{"line":170,"column":0},"end":{"line":185,"column":null}},{"start":{"line":170,"column":0},"end":{"line":185,"column":null}}]},"5":{"loc":{"start":{"line":187,"column":0},"end":{"line":189,"column":null}},"type":"if","locations":[{"start":{"line":187,"column":0},"end":{"line":189,"column":null}},{"start":{"line":187,"column":0},"end":{"line":189,"column":null}}]},"6":{"loc":{"start":{"line":194,"column":0},"end":{"line":198,"column":null}},"type":"if","locations":[{"start":{"line":194,"column":0},"end":{"line":198,"column":null}},{"start":{"line":194,"column":0},"end":{"line":198,"column":null}}]},"7":{"loc":{"start":{"line":204,"column":0},"end":{"line":210,"column":null}},"type":"if","locations":[{"start":{"line":204,"column":0},"end":{"line":210,"column":null}},{"start":{"line":204,"column":0},"end":{"line":210,"column":null}}]},"8":{"loc":{"start":{"line":212,"column":0},"end":{"line":217,"column":null}},"type":"if","locations":[{"start":{"line":212,"column":0},"end":{"line":217,"column":null}},{"start":{"line":212,"column":0},"end":{"line":217,"column":null}}]},"9":{"loc":{"start":{"line":224,"column":0},"end":{"line":242,"column":null}},"type":"if","locations":[{"start":{"line":224,"column":0},"end":{"line":242,"column":null}},{"start":{"line":224,"column":0},"end":{"line":242,"column":null}}]},"10":{"loc":{"start":{"line":253,"column":0},"end":{"line":258,"column":null}},"type":"if","locations":[{"start":{"line":253,"column":0},"end":{"line":258,"column":null}},{"start":{"line":253,"column":0},"end":{"line":258,"column":null}}]},"11":{"loc":{"start":{"line":253,"column":0},"end":{"line":253,"column":null}},"type":"binary-expr","locations":[{"start":{"line":253,"column":0},"end":{"line":253,"column":null}},{"start":{"line":253,"column":0},"end":{"line":253,"column":null}},{"start":{"line":253,"column":0},"end":{"line":253,"column":null}}]},"12":{"loc":{"start":{"line":270,"column":0},"end":{"line":270,"column":null}},"type":"binary-expr","locations":[{"start":{"line":270,"column":0},"end":{"line":270,"column":null}},{"start":{"line":270,"column":0},"end":{"line":270,"column":null}}]},"13":{"loc":{"start":{"line":272,"column":0},"end":{"line":272,"column":null}},"type":"binary-expr","locations":[{"start":{"line":272,"column":0},"end":{"line":272,"column":null}},{"start":{"line":272,"column":0},"end":{"line":272,"column":null}}]},"14":{"loc":{"start":{"line":286,"column":0},"end":{"line":294,"column":null}},"type":"if","locations":[{"start":{"line":286,"column":0},"end":{"line":294,"column":null}},{"start":{"line":286,"column":0},"end":{"line":294,"column":null}}]},"15":{"loc":{"start":{"line":312,"column":0},"end":{"line":314,"column":null}},"type":"if","locations":[{"start":{"line":312,"column":0},"end":{"line":314,"column":null}},{"start":{"line":312,"column":0},"end":{"line":314,"column":null}}]},"16":{"loc":{"start":{"line":316,"column":0},"end":{"line":350,"column":null}},"type":"if","locations":[{"start":{"line":316,"column":0},"end":{"line":350,"column":null}},{"start":{"line":316,"column":0},"end":{"line":350,"column":null}}]},"17":{"loc":{"start":{"line":317,"column":0},"end":{"line":319,"column":null}},"type":"if","locations":[{"start":{"line":317,"column":0},"end":{"line":319,"column":null}},{"start":{"line":317,"column":0},"end":{"line":319,"column":null}}]},"18":{"loc":{"start":{"line":352,"column":0},"end":{"line":352,"column":null}},"type":"default-arg","locations":[{"start":{"line":352,"column":0},"end":{"line":352,"column":null}}]},"19":{"loc":{"start":{"line":354,"column":0},"end":{"line":364,"column":null}},"type":"if","locations":[{"start":{"line":354,"column":0},"end":{"line":364,"column":null}},{"start":{"line":354,"column":0},"end":{"line":364,"column":null}}]},"20":{"loc":{"start":{"line":376,"column":0},"end":{"line":376,"column":null}},"type":"cond-expr","locations":[{"start":{"line":376,"column":0},"end":{"line":376,"column":null}},{"start":{"line":376,"column":0},"end":{"line":376,"column":null}}]},"21":{"loc":{"start":{"line":385,"column":0},"end":{"line":416,"column":null}},"type":"if","locations":[{"start":{"line":385,"column":0},"end":{"line":416,"column":null}},{"start":{"line":385,"column":0},"end":{"line":416,"column":null}}]},"22":{"loc":{"start":{"line":385,"column":0},"end":{"line":385,"column":null}},"type":"binary-expr","locations":[{"start":{"line":385,"column":0},"end":{"line":385,"column":null}},{"start":{"line":385,"column":0},"end":{"line":385,"column":null}}]},"23":{"loc":{"start":{"line":390,"column":0},"end":{"line":412,"column":null}},"type":"if","locations":[{"start":{"line":390,"column":0},"end":{"line":412,"column":null}},{"start":{"line":390,"column":0},"end":{"line":412,"column":null}}]},"24":{"loc":{"start":{"line":390,"column":0},"end":{"line":390,"column":null}},"type":"binary-expr","locations":[{"start":{"line":390,"column":0},"end":{"line":390,"column":null}},{"start":{"line":390,"column":0},"end":{"line":390,"column":null}}]}},"s":{"0":2,"1":2,"2":2,"3":2,"4":2,"5":2,"6":2,"7":2,"8":2,"9":2,"10":6,"11":1,"12":3,"13":3,"14":35,"15":35,"16":35,"17":35,"18":3640,"19":3640,"20":35,"21":35,"22":35,"23":35,"24":35,"25":2,"26":2,"27":2,"28":1,"29":1,"30":1,"31":1,"32":1,"33":1,"34":0,"35":1,"36":3,"37":3,"38":3,"39":3,"40":2,"41":2,"42":2,"43":2,"44":2,"45":2,"46":2,"47":1,"48":3,"49":3,"50":1,"51":1,"52":1,"53":1,"54":1,"55":8,"56":83,"57":8,"58":56,"59":8,"60":4,"61":4,"62":4,"63":4,"64":8,"65":2,"66":2,"67":1,"68":1,"69":1,"70":2,"71":2,"72":2,"73":2,"74":2,"75":1,"76":12,"77":4,"78":7,"79":7,"80":7,"81":7,"82":7,"83":7,"84":7,"85":3,"86":6,"87":6,"88":6,"89":6,"90":2,"91":21,"92":3,"93":72,"94":18,"95":2,"96":0,"97":1,"98":3,"99":3,"100":5,"101":5,"102":3,"103":5,"104":4,"105":1,"106":4,"107":4,"108":4,"109":4,"110":8,"111":8,"112":4,"113":4,"114":1,"115":4,"116":4,"117":1,"118":1,"119":1,"120":6,"121":16,"122":3,"123":3,"124":3,"125":3,"126":13,"127":13,"128":13,"129":13,"130":4,"131":4,"132":11,"133":11,"134":75,"135":25,"136":14,"137":40,"138":6,"139":6,"140":9,"141":6,"142":6,"143":11,"144":4,"145":35},"f":{"0":6,"1":3,"2":35,"3":35,"4":2,"5":0,"6":3,"7":1,"8":8,"9":75,"10":52,"11":2,"12":2,"13":4,"14":8,"15":7,"16":7,"17":3,"18":6,"19":6,"20":2,"21":21,"22":54,"23":2,"24":0,"25":1,"26":3,"27":5,"28":8,"29":1,"30":6,"31":16,"32":4,"33":11,"34":40,"35":9,"36":35},"b":{"0":[1,5],"1":[3,0],"2":[280,3360],"3":[1,1],"4":[2,1],"5":[3,0],"6":[1,0],"7":[4,4],"8":[4,4],"9":[1,1],"10":[7,0],"11":[7,7,7],"12":[6,1],"13":[6,3],"14":[3,18],"15":[3,2],"16":[4,1],"17":[1,3],"18":[5],"19":[3,13],"20":[11,14],"21":[14,11],"22":[25,18],"23":[6,34],"24":[40,6]}}
,"C:\\Gitlab\\SpiderSolitaire\\src\\services\\spiderSolitaireService.js": {"path":"C:\\Gitlab\\SpiderSolitaire\\src\\services\\spiderSolitaireService.js","statementMap":{"0":{"start":{"line":11,"column":4},"end":{"line":11,"column":13}},"1":{"start":{"line":13,"column":31},"end":{"line":117,"column":1}},"2":{"start":{"line":15,"column":4},"end":{"line":39,"column":5}},"3":{"start":{"line":16,"column":23},"end":{"line":16,"column":64}},"4":{"start":{"line":17,"column":25},"end":{"line":20,"column":9}},"5":{"start":{"line":21,"column":22},"end":{"line":21,"column":74}},"6":{"start":{"line":22,"column":26},"end":{"line":25,"column":9}},"7":{"start":{"line":27,"column":19},"end":{"line":27,"column":55}},"8":{"start":{"line":29,"column":6},"end":{"line":29,"column":44}},"9":{"start":{"line":30,"column":6},"end":{"line":30,"column":36}},"10":{"start":{"line":32,"column":6},"end":{"line":32,"column":20}},"11":{"start":{"line":34,"column":21},"end":{"line":34,"column":50}},"12":{"start":{"line":36,"column":6},"end":{"line":36,"column":28}},"13":{"start":{"line":38,"column":6},"end":{"line":38,"column":21}},"14":{"start":{"line":42,"column":4},"end":{"line":62,"column":5}},"15":{"start":{"line":43,"column":19},"end":{"line":43,"column":21}},"16":{"start":{"line":44,"column":21},"end":{"line":44,"column":23}},"17":{"start":{"line":46,"column":6},"end":{"line":53,"column":9}},"18":{"start":{"line":47,"column":8},"end":{"line":47,"column":30}},"19":{"start":{"line":49,"column":8},"end":{"line":52,"column":9}},"20":{"start":{"line":50,"column":10},"end":{"line":50,"column":34}},"21":{"start":{"line":51,"column":10},"end":{"line":51,"column":26}},"22":{"start":{"line":55,"column":6},"end":{"line":55,"column":20}},"23":{"start":{"line":57,"column":21},"end":{"line":57,"column":50}},"24":{"start":{"line":59,"column":6},"end":{"line":59,"column":28}},"25":{"start":{"line":61,"column":6},"end":{"line":61,"column":21}},"26":{"start":{"line":65,"column":4},"end":{"line":78,"column":5}},"27":{"start":{"line":66,"column":6},"end":{"line":71,"column":9}},"28":{"start":{"line":67,"column":23},"end":{"line":67,"column":46}},"29":{"start":{"line":69,"column":8},"end":{"line":69,"column":31}},"30":{"start":{"line":70,"column":8},"end":{"line":70,"column":36}},"31":{"start":{"line":73,"column":21},"end":{"line":73,"column":50}},"32":{"start":{"line":75,"column":6},"end":{"line":75,"column":28}},"33":{"start":{"line":77,"column":6},"end":{"line":77,"column":21}},"34":{"start":{"line":81,"column":4},"end":{"line":95,"column":5}},"35":{"start":{"line":82,"column":6},"end":{"line":88,"column":9}},"36":{"start":{"line":83,"column":8},"end":{"line":87,"column":11}},"37":{"start":{"line":90,"column":21},"end":{"line":90,"column":50}},"38":{"start":{"line":92,"column":6},"end":{"line":92,"column":28}},"39":{"start":{"line":94,"column":6},"end":{"line":94,"column":21}},"40":{"start":{"line":98,"column":4},"end":{"line":98,"column":51}},"41":{"start":{"line":101,"column":4},"end":{"line":115,"column":5}},"42":{"start":{"line":102,"column":24},"end":{"line":102,"column":50}},"43":{"start":{"line":104,"column":26},"end":{"line":106,"column":7}},"44":{"start":{"line":105,"column":34},"end":{"line":105,"column":45}},"45":{"start":{"line":108,"column":6},"end":{"line":108,"column":25}},"46":{"start":{"line":110,"column":21},"end":{"line":110,"column":50}},"47":{"start":{"line":112,"column":6},"end":{"line":112,"column":28}},"48":{"start":{"line":114,"column":6},"end":{"line":114,"column":21}}},"fnMap":{"0":{"name":"(anonymous_0)","decl":{"start":{"line":14,"column":2},"end":{"line":14,"column":3}},"loc":{"start":{"line":14,"column":24},"end":{"line":40,"column":3}},"line":14},"1":{"name":"(anonymous_1)","decl":{"start":{"line":41,"column":2},"end":{"line":41,"column":3}},"loc":{"start":{"line":41,"column":33},"end":{"line":63,"column":3}},"line":41},"2":{"name":"(anonymous_2)","decl":{"start":{"line":46,"column":20},"end":{"line":46,"column":21}},"loc":{"start":{"line":46,"column":37},"end":{"line":53,"column":7}},"line":46},"3":{"name":"(anonymous_3)","decl":{"start":{"line":64,"column":2},"end":{"line":64,"column":3}},"loc":{"start":{"line":64,"column":27},"end":{"line":79,"column":3}},"line":64},"4":{"name":"(anonymous_4)","decl":{"start":{"line":66,"column":21},"end":{"line":66,"column":22}},"loc":{"start":{"line":66,"column":32},"end":{"line":71,"column":7}},"line":66},"5":{"name":"(anonymous_5)","decl":{"start":{"line":80,"column":2},"end":{"line":80,"column":3}},"loc":{"start":{"line":80,"column":35},"end":{"line":96,"column":3}},"line":80},"6":{"name":"(anonymous_6)","decl":{"start":{"line":82,"column":21},"end":{"line":82,"column":22}},"loc":{"start":{"line":82,"column":32},"end":{"line":88,"column":7}},"line":82},"7":{"name":"(anonymous_7)","decl":{"start":{"line":97,"column":2},"end":{"line":97,"column":3}},"loc":{"start":{"line":97,"column":23},"end":{"line":99,"column":3}},"line":97},"8":{"name":"(anonymous_8)","decl":{"start":{"line":100,"column":2},"end":{"line":100,"column":3}},"loc":{"start":{"line":100,"column":36},"end":{"line":116,"column":3}},"line":100},"9":{"name":"(anonymous_9)","decl":{"start":{"line":105,"column":24},"end":{"line":105,"column":25}},"loc":{"start":{"line":105,"column":34},"end":{"line":105,"column":45}},"line":105}},"branchMap":{"0":{"loc":{"start":{"line":49,"column":8},"end":{"line":52,"column":9}},"type":"if","locations":[{"start":{"line":49,"column":8},"end":{"line":52,"column":9}},{"start":{"line":49,"column":8},"end":{"line":52,"column":9}}],"line":49}},"s":{"0":2,"1":2,"2":37,"3":37,"4":36,"5":36,"6":36,"7":36,"8":36,"9":36,"10":36,"11":1,"12":1,"13":1,"14":74,"15":74,"16":74,"17":74,"18":1968,"19":1968,"20":364,"21":364,"22":73,"23":1,"24":1,"25":1,"26":38,"27":38,"28":363,"29":363,"30":362,"31":1,"32":1,"33":1,"34":38,"35":38,"36":362,"37":1,"38":1,"39":1,"40":36,"41":5,"42":5,"43":4,"44":7,"45":4,"46":1,"47":1,"48":1},"f":{"0":37,"1":74,"2":1968,"3":38,"4":363,"5":38,"6":362,"7":36,"8":5,"9":7},"b":{"0":[364,1604]},"_coverageSchema":"43e27e138ebf9cfc5966b082cf9a028302ed4184","hash":"db1ca505f14f6c4c50f178ffab3521d0cbc415ce"}
}
