{"C:\\Gitlab\\SpiderSolitaire\\src\\common\\constants\\constants.js": {"path":"C:\\Gitlab\\SpiderSolitaire\\src\\common\\constants\\constants.js","statementMap":{"0":{"start":{"line":3,"column":25},"end":{"line":17,"column":1}}},"fnMap":{},"branchMap":{},"s":{"0":2},"f":{},"b":{},"_coverageSchema":"43e27e138ebf9cfc5966b082cf9a028302ed4184","hash":"495f12178ff494edccf21540154090f894674da0"}
,"C:\\Gitlab\\SpiderSolitaire\\src\\common\\enums\\scoreRuleEnum.js": {"path":"C:\\Gitlab\\SpiderSolitaire\\src\\common\\enums\\scoreRuleEnum.js","statementMap":{"0":{"start":{"line":1,"column":29},"end":{"line":6,"column":1}}},"fnMap":{},"branchMap":{},"s":{"0":2},"f":{},"b":{},"_coverageSchema":"43e27e138ebf9cfc5966b082cf9a028302ed4184","hash":"c5288d86962b1d9bb15e0f006ab5585cb9cb21d8"}
,"C:\\Gitlab\\SpiderSolitaire\\src\\common\\enums\\toastrTypeEnum.js": {"path":"C:\\Gitlab\\SpiderSolitaire\\src\\common\\enums\\toastrTypeEnum.js","statementMap":{"0":{"start":{"line":1,"column":30},"end":{"line":5,"column":1}}},"fnMap":{},"branchMap":{},"s":{"0":1},"f":{},"b":{},"_coverageSchema":"43e27e138ebf9cfc5966b082cf9a028302ed4184","hash":"11e711c1974788e564fb53e52389e5a1a26bf04d"}
,"C:\\Gitlab\\SpiderSolitaire\\src\\common\\helpers\\utils.js": {"path":"C:\\Gitlab\\SpiderSolitaire\\src\\common\\helpers\\utils.js","statementMap":{"0":{"start":{"line":1,"column":14},"end":{"line":35,"column":1}},"1":{"start":{"line":3,"column":4},"end":{"line":17,"column":5}},"2":{"start":{"line":4,"column":6},"end":{"line":8,"column":7}},"3":{"start":{"line":4,"column":19},"end":{"line":4,"column":35}},"4":{"start":{"line":5,"column":16},"end":{"line":5,"column":51}},"5":{"start":{"line":7,"column":8},"end":{"line":7,"column":52}},"6":{"start":{"line":10,"column":6},"end":{"line":10,"column":19}},"7":{"start":{"line":12,"column":21},"end":{"line":12,"column":50}},"8":{"start":{"line":14,"column":6},"end":{"line":14,"column":28}},"9":{"start":{"line":16,"column":6},"end":{"line":16,"column":21}},"10":{"start":{"line":20,"column":4},"end":{"line":33,"column":5}},"11":{"start":{"line":21,"column":29},"end":{"line":23,"column":8}},"12":{"start":{"line":22,"column":8},"end":{"line":22,"column":35}},"13":{"start":{"line":24,"column":27},"end":{"line":24,"column":70}},"14":{"start":{"line":24,"column":59},"end":{"line":24,"column":69}},"15":{"start":{"line":26,"column":6},"end":{"line":26,"column":26}},"16":{"start":{"line":28,"column":21},"end":{"line":28,"column":50}},"17":{"start":{"line":30,"column":6},"end":{"line":30,"column":28}},"18":{"start":{"line":32,"column":6},"end":{"line":32,"column":21}}},"fnMap":{"0":{"name":"(anonymous_0)","decl":{"start":{"line":2,"column":2},"end":{"line":2,"column":3}},"loc":{"start":{"line":2,"column":22},"end":{"line":18,"column":3}},"line":2},"1":{"name":"(anonymous_1)","decl":{"start":{"line":19,"column":2},"end":{"line":19,"column":3}},"loc":{"start":{"line":19,"column":22},"end":{"line":34,"column":3}},"line":19},"2":{"name":"(anonymous_2)","decl":{"start":{"line":21,"column":48},"end":{"line":21,"column":49}},"loc":{"start":{"line":21,"column":65},"end":{"line":23,"column":7}},"line":21},"3":{"name":"(anonymous_3)","decl":{"start":{"line":24,"column":48},"end":{"line":24,"column":49}},"loc":{"start":{"line":24,"column":59},"end":{"line":24,"column":69}},"line":24}},"branchMap":{},"s":{"0":3,"1":37,"2":37,"3":37,"4":3610,"5":3610,"6":36,"7":1,"8":1,"9":1,"10":69,"11":69,"12":117,"13":68,"14":114,"15":68,"16":1,"17":1,"18":1},"f":{"0":37,"1":69,"2":117,"3":114},"b":{},"_coverageSchema":"43e27e138ebf9cfc5966b082cf9a028302ed4184","hash":"629b0336c281ae7d160718c08744cd4edddac5d0"}
,"C:\\Gitlab\\SpiderSolitaire\\src\\components\\Button.vue": {"path":"C:\\Gitlab\\SpiderSolitaire\\src\\components\\Button.vue","statementMap":{"0":{"start":{"line":29,"column":0},"end":{"line":29,"column":null}},"1":{"start":{"line":32,"column":0},"end":{"line":32,"column":null}}},"fnMap":{"0":{"name":"(anonymous_1)","decl":{"start":{"line":28,"column":0},"end":{"line":28,"column":null}},"loc":{"start":{"line":28,"column":0},"end":{"line":30,"column":null}}},"1":{"name":"(anonymous_2)","decl":{"start":{"line":31,"column":0},"end":{"line":31,"column":null}},"loc":{"start":{"line":31,"column":0},"end":{"line":33,"column":null}}}},"branchMap":{},"s":{"0":1,"1":3},"f":{"0":1,"1":3},"b":{}}
,"C:\\Gitlab\\SpiderSolitaire\\src\\components\\Card.vue": {"path":"C:\\Gitlab\\SpiderSolitaire\\src\\components\\Card.vue","statementMap":{"0":{"start":{"line":33,"column":0},"end":{"line":33,"column":null}},"1":{"start":{"line":60,"column":0},"end":{"line":60,"column":null}},"2":{"start":{"line":63,"column":0},"end":{"line":63,"column":null}},"3":{"start":{"line":66,"column":0},"end":{"line":66,"column":null}},"4":{"start":{"line":69,"column":0},"end":{"line":73,"column":null}},"5":{"start":{"line":70,"column":0},"end":{"line":70,"column":null}},"6":{"start":{"line":72,"column":0},"end":{"line":72,"column":null}}},"fnMap":{"0":{"name":"(anonymous_1)","decl":{"start":{"line":59,"column":0},"end":{"line":59,"column":null}},"loc":{"start":{"line":59,"column":0},"end":{"line":61,"column":null}}},"1":{"name":"(anonymous_2)","decl":{"start":{"line":62,"column":0},"end":{"line":62,"column":null}},"loc":{"start":{"line":62,"column":0},"end":{"line":64,"column":null}}},"2":{"name":"(anonymous_3)","decl":{"start":{"line":65,"column":0},"end":{"line":65,"column":null}},"loc":{"start":{"line":65,"column":0},"end":{"line":67,"column":null}}},"3":{"name":"(anonymous_4)","decl":{"start":{"line":68,"column":0},"end":{"line":68,"column":null}},"loc":{"start":{"line":68,"column":0},"end":{"line":74,"column":null}}}},"branchMap":{"0":{"loc":{"start":{"line":69,"column":0},"end":{"line":73,"column":null}},"type":"if","locations":[{"start":{"line":69,"column":0},"end":{"line":73,"column":null}},{"start":{"line":69,"column":0},"end":{"line":73,"column":null}}]}},"s":{"0":2,"1":1,"2":1,"3":1,"4":5,"5":4,"6":1},"f":{"0":1,"1":1,"2":1,"3":5},"b":{"0":[4,1]}}
,"C:\\Gitlab\\SpiderSolitaire\\src\\components\\CardDealSection.vue": {"path":"C:\\Gitlab\\SpiderSolitaire\\src\\components\\CardDealSection.vue","statementMap":{"0":{"start":{"line":27,"column":0},"end":{"line":27,"column":null}},"1":{"start":{"line":43,"column":0},"end":{"line":43,"column":null}}},"fnMap":{"0":{"name":"(anonymous_1)","decl":{"start":{"line":42,"column":0},"end":{"line":42,"column":null}},"loc":{"start":{"line":42,"column":0},"end":{"line":44,"column":null}}}},"branchMap":{},"s":{"0":2,"1":1},"f":{"0":1},"b":{}}
,"C:\\Gitlab\\SpiderSolitaire\\src\\components\\CardHolderSection.vue": {"path":"C:\\Gitlab\\SpiderSolitaire\\src\\components\\CardHolderSection.vue","statementMap":{"0":{"start":{"line":16,"column":0},"end":{"line":16,"column":null}},"1":{"start":{"line":36,"column":0},"end":{"line":36,"column":null}},"2":{"start":{"line":37,"column":0},"end":{"line":37,"column":null}},"3":{"start":{"line":41,"column":0},"end":{"line":41,"column":null}},"4":{"start":{"line":47,"column":0},"end":{"line":47,"column":null}},"5":{"start":{"line":49,"column":0},"end":{"line":57,"column":null}},"6":{"start":{"line":49,"column":0},"end":{"line":49,"column":null}},"7":{"start":{"line":50,"column":0},"end":{"line":50,"column":null}},"8":{"start":{"line":52,"column":0},"end":{"line":54,"column":null}},"9":{"start":{"line":53,"column":0},"end":{"line":53,"column":null}},"10":{"start":{"line":56,"column":0},"end":{"line":56,"column":null}},"11":{"start":{"line":59,"column":0},"end":{"line":59,"column":null}},"12":{"start":{"line":63,"column":0},"end":{"line":63,"column":null}}},"fnMap":{"0":{"name":"(anonymous_1)","decl":{"start":{"line":35,"column":0},"end":{"line":35,"column":null}},"loc":{"start":{"line":35,"column":0},"end":{"line":38,"column":null}}},"1":{"name":"(anonymous_2)","decl":{"start":{"line":36,"column":0},"end":{"line":36,"column":null}},"loc":{"start":{"line":36,"column":0},"end":{"line":36,"column":null}}},"2":{"name":"(anonymous_3)","decl":{"start":{"line":40,"column":0},"end":{"line":40,"column":null}},"loc":{"start":{"line":40,"column":0},"end":{"line":44,"column":null}}},"3":{"name":"(anonymous_4)","decl":{"start":{"line":46,"column":0},"end":{"line":46,"column":null}},"loc":{"start":{"line":46,"column":0},"end":{"line":60,"column":null}}},"4":{"name":"(anonymous_5)","decl":{"start":{"line":62,"column":0},"end":{"line":62,"column":null}},"loc":{"start":{"line":62,"column":0},"end":{"line":64,"column":null}}}},"branchMap":{"0":{"loc":{"start":{"line":52,"column":0},"end":{"line":54,"column":null}},"type":"if","locations":[{"start":{"line":52,"column":0},"end":{"line":54,"column":null}},{"start":{"line":52,"column":0},"end":{"line":54,"column":null}}]}},"s":{"0":2,"1":9,"2":1,"3":3,"4":3,"5":3,"6":3,"7":24,"8":24,"9":4,"10":24,"11":3,"12":3},"f":{"0":1,"1":8,"2":3,"3":3,"4":3},"b":{"0":[4,20]}}
,"C:\\Gitlab\\SpiderSolitaire\\src\\components\\ConfirmBox.vue": {"path":"C:\\Gitlab\\SpiderSolitaire\\src\\components\\ConfirmBox.vue","statementMap":{"0":{"start":{"line":26,"column":0},"end":{"line":26,"column":null}},"1":{"start":{"line":32,"column":0},"end":{"line":32,"column":null}},"2":{"start":{"line":35,"column":0},"end":{"line":35,"column":null}}},"fnMap":{"0":{"name":"(anonymous_1)","decl":{"start":{"line":25,"column":0},"end":{"line":25,"column":null}},"loc":{"start":{"line":25,"column":0},"end":{"line":29,"column":null}}},"1":{"name":"(anonymous_2)","decl":{"start":{"line":31,"column":0},"end":{"line":31,"column":null}},"loc":{"start":{"line":31,"column":0},"end":{"line":33,"column":null}}},"2":{"name":"(anonymous_3)","decl":{"start":{"line":34,"column":0},"end":{"line":34,"column":null}},"loc":{"start":{"line":34,"column":0},"end":{"line":36,"column":null}}}},"branchMap":{},"s":{"0":4,"1":1,"2":1},"f":{"0":4,"1":1,"2":1},"b":{}}
,"C:\\Gitlab\\SpiderSolitaire\\src\\components\\GameInfoModal.vue": {"path":"C:\\Gitlab\\SpiderSolitaire\\src\\components\\GameInfoModal.vue","statementMap":{"0":{"start":{"line":34,"column":0},"end":{"line":34,"column":null}}},"fnMap":{"0":{"name":"(anonymous_1)","decl":{"start":{"line":33,"column":0},"end":{"line":33,"column":null}},"loc":{"start":{"line":33,"column":0},"end":{"line":35,"column":null}}}},"branchMap":{},"s":{"0":0},"f":{"0":0},"b":{}}
,"C:\\Gitlab\\SpiderSolitaire\\src\\components\\HeaderSection.vue": {"path":"C:\\Gitlab\\SpiderSolitaire\\src\\components\\HeaderSection.vue","statementMap":{"0":{"start":{"line":20,"column":0},"end":{"line":20,"column":null}},"1":{"start":{"line":21,"column":0},"end":{"line":21,"column":null}},"2":{"start":{"line":22,"column":0},"end":{"line":22,"column":null}},"3":{"start":{"line":43,"column":0},"end":{"line":43,"column":null}}},"fnMap":{"0":{"name":"(anonymous_1)","decl":{"start":{"line":42,"column":0},"end":{"line":42,"column":null}},"loc":{"start":{"line":42,"column":0},"end":{"line":44,"column":null}}}},"branchMap":{},"s":{"0":2,"1":2,"2":2,"3":1},"f":{"0":1},"b":{}}
,"C:\\Gitlab\\SpiderSolitaire\\src\\components\\Timer.vue": {"path":"C:\\Gitlab\\SpiderSolitaire\\src\\components\\Timer.vue","statementMap":{"0":{"start":{"line":19,"column":0},"end":{"line":21,"column":null}},"1":{"start":{"line":20,"column":0},"end":{"line":20,"column":null}},"2":{"start":{"line":25,"column":0},"end":{"line":25,"column":null}},"3":{"start":{"line":32,"column":0},"end":{"line":32,"column":null}},"4":{"start":{"line":33,"column":0},"end":{"line":33,"column":null}},"5":{"start":{"line":34,"column":0},"end":{"line":34,"column":null}},"6":{"start":{"line":36,"column":0},"end":{"line":36,"column":null}},"7":{"start":{"line":38,"column":0},"end":{"line":38,"column":null}},"8":{"start":{"line":43,"column":0},"end":{"line":45,"column":null}},"9":{"start":{"line":44,"column":0},"end":{"line":44,"column":null}},"10":{"start":{"line":48,"column":0},"end":{"line":48,"column":null}},"11":{"start":{"line":52,"column":0},"end":{"line":52,"column":null}}},"fnMap":{"0":{"name":"(anonymous_1)","decl":{"start":{"line":18,"column":0},"end":{"line":18,"column":null}},"loc":{"start":{"line":18,"column":0},"end":{"line":22,"column":null}}},"1":{"name":"(anonymous_2)","decl":{"start":{"line":24,"column":0},"end":{"line":24,"column":null}},"loc":{"start":{"line":24,"column":0},"end":{"line":29,"column":null}}},"2":{"name":"(anonymous_3)","decl":{"start":{"line":31,"column":0},"end":{"line":31,"column":null}},"loc":{"start":{"line":31,"column":0},"end":{"line":39,"column":null}}},"3":{"name":"(anonymous_4)","decl":{"start":{"line":42,"column":0},"end":{"line":42,"column":null}},"loc":{"start":{"line":42,"column":0},"end":{"line":46,"column":null}}},"4":{"name":"(anonymous_5)","decl":{"start":{"line":43,"column":0},"end":{"line":43,"column":null}},"loc":{"start":{"line":43,"column":0},"end":{"line":45,"column":null}}},"5":{"name":"(anonymous_6)","decl":{"start":{"line":47,"column":0},"end":{"line":47,"column":null}},"loc":{"start":{"line":47,"column":0},"end":{"line":49,"column":null}}},"6":{"name":"(anonymous_7)","decl":{"start":{"line":51,"column":0},"end":{"line":51,"column":null}},"loc":{"start":{"line":51,"column":0},"end":{"line":53,"column":null}}}},"branchMap":{"0":{"loc":{"start":{"line":19,"column":0},"end":{"line":21,"column":null}},"type":"if","locations":[{"start":{"line":19,"column":0},"end":{"line":21,"column":null}},{"start":{"line":19,"column":0},"end":{"line":21,"column":null}}]}},"s":{"0":1,"1":1,"2":3,"3":9,"4":9,"5":9,"6":9,"7":9,"8":3,"9":18,"10":1,"11":3},"f":{"0":1,"1":3,"2":9,"3":3,"4":18,"5":1,"6":3},"b":{"0":[1,0]}}
,"C:\\Gitlab\\SpiderSolitaire\\src\\components\\Toastr\\Toastr.js": {"path":"C:\\Gitlab\\SpiderSolitaire\\src\\components\\Toastr\\Toastr.js","statementMap":{"0":{"start":{"line":5,"column":4},"end":{"line":14,"column":14}}},"fnMap":{"0":{"name":"(anonymous_0)","decl":{"start":{"line":4,"column":14},"end":{"line":4,"column":15}},"loc":{"start":{"line":4,"column":30},"end":{"line":15,"column":3}},"line":4}},"branchMap":{},"s":{"0":3},"f":{"0":3},"b":{},"_coverageSchema":"43e27e138ebf9cfc5966b082cf9a028302ed4184","hash":"f4756a2c458093d3e0117b9a5beae6c974121d56"}
,"C:\\Gitlab\\SpiderSolitaire\\src\\pages\\SpiderSolitaire.vue": {"path":"C:\\Gitlab\\SpiderSolitaire\\src\\pages\\SpiderSolitaire.vue","statementMap":{"0":{"start":{"line":1,"column":1},"end":{"line":411,"column":4}},"1":{"start":{"line":4,"column":29},"end":{"line":4,"column":131}},"2":{"start":{"line":6,"column":0},"end":{"line":8,"column":3}},"3":{"start":{"line":9,"column":0},"end":{"line":9,"column":25}},"4":{"start":{"line":11,"column":21},"end":{"line":11,"column":86}},"5":{"start":{"line":13,"column":12},"end":{"line":13,"column":68}},"6":{"start":{"line":15,"column":25},"end":{"line":15,"column":94}},"7":{"start":{"line":17,"column":23},"end":{"line":17,"column":90}},"8":{"start":{"line":19,"column":17},"end":{"line":19,"column":78}},"9":{"start":{"line":21,"column":18},"end":{"line":21,"column":80}},"10":{"start":{"line":23,"column":17},"end":{"line":23,"column":56}},"11":{"start":{"line":25,"column":21},"end":{"line":25,"column":60}},"12":{"start":{"line":27,"column":22},"end":{"line":27,"column":62}},"13":{"start":{"line":82,"column":4},"end":{"line":82,"column":24}},"14":{"start":{"line":83,"column":15},"end":{"line":409,"column":1}},"15":{"start":{"line":95,"column":6},"end":{"line":97,"column":7}},"16":{"start":{"line":96,"column":8},"end":{"line":96,"column":24}},"17":{"start":{"line":101,"column":6},"end":{"line":103,"column":7}},"18":{"start":{"line":102,"column":8},"end":{"line":102,"column":30}},"19":{"start":{"line":109,"column":4},"end":{"line":130,"column":6}},"20":{"start":{"line":136,"column":18},"end":{"line":136,"column":20}},"21":{"start":{"line":138,"column":6},"end":{"line":145,"column":7}},"22":{"start":{"line":138,"column":19},"end":{"line":138,"column":20}},"23":{"start":{"line":139,"column":21},"end":{"line":139,"column":43}},"24":{"start":{"line":140,"column":8},"end":{"line":144,"column":11}},"25":{"start":{"line":147,"column":6},"end":{"line":147,"column":25}},"26":{"start":{"line":148,"column":6},"end":{"line":148,"column":43}},"27":{"start":{"line":149,"column":19},"end":{"line":149,"column":74}},"28":{"start":{"line":150,"column":6},"end":{"line":150,"column":48}},"29":{"start":{"line":151,"column":6},"end":{"line":151,"column":79}},"30":{"start":{"line":156,"column":21},"end":{"line":156,"column":33}},"31":{"start":{"line":157,"column":24},"end":{"line":157,"column":86}},"32":{"start":{"line":159,"column":6},"end":{"line":170,"column":7}},"33":{"start":{"line":160,"column":8},"end":{"line":160,"column":30}},"34":{"start":{"line":161,"column":8},"end":{"line":161,"column":40}},"35":{"start":{"line":162,"column":8},"end":{"line":162,"column":42}},"36":{"start":{"line":163,"column":8},"end":{"line":163,"column":40}},"37":{"start":{"line":164,"column":8},"end":{"line":164,"column":57}},"38":{"start":{"line":165,"column":8},"end":{"line":167,"column":14}},"39":{"start":{"line":166,"column":10},"end":{"line":166,"column":40}},"40":{"start":{"line":169,"column":8},"end":{"line":169,"column":108}},"41":{"start":{"line":175,"column":22},"end":{"line":175,"column":37}},"42":{"start":{"line":176,"column":26},"end":{"line":176,"column":58}},"43":{"start":{"line":177,"column":22},"end":{"line":177,"column":38}},"44":{"start":{"line":179,"column":6},"end":{"line":189,"column":7}},"45":{"start":{"line":180,"column":27},"end":{"line":180,"column":73}},"46":{"start":{"line":181,"column":8},"end":{"line":181,"column":77}},"47":{"start":{"line":182,"column":8},"end":{"line":182,"column":48}},"48":{"start":{"line":183,"column":8},"end":{"line":183,"column":64}},"49":{"start":{"line":184,"column":8},"end":{"line":184,"column":51}},"50":{"start":{"line":185,"column":8},"end":{"line":185,"column":26}},"51":{"start":{"line":186,"column":8},"end":{"line":186,"column":23}},"52":{"start":{"line":188,"column":8},"end":{"line":188,"column":108}},"53":{"start":{"line":191,"column":6},"end":{"line":193,"column":7}},"54":{"start":{"line":192,"column":8},"end":{"line":192,"column":44}},"55":{"start":{"line":198,"column":23},"end":{"line":198,"column":52}},"56":{"start":{"line":200,"column":6},"end":{"line":204,"column":7}},"57":{"start":{"line":201,"column":8},"end":{"line":201,"column":31}},"58":{"start":{"line":202,"column":8},"end":{"line":202,"column":33}},"59":{"start":{"line":203,"column":8},"end":{"line":203,"column":43}},"60":{"start":{"line":208,"column":25},"end":{"line":208,"column":30}},"61":{"start":{"line":209,"column":24},"end":{"line":209,"column":69}},"62":{"start":{"line":209,"column":60},"end":{"line":209,"column":68}},"63":{"start":{"line":211,"column":6},"end":{"line":213,"column":7}},"64":{"start":{"line":212,"column":8},"end":{"line":212,"column":125}},"65":{"start":{"line":212,"column":111},"end":{"line":212,"column":122}},"66":{"start":{"line":215,"column":6},"end":{"line":220,"column":7}},"67":{"start":{"line":216,"column":8},"end":{"line":216,"column":67}},"68":{"start":{"line":217,"column":8},"end":{"line":217,"column":38}},"69":{"start":{"line":218,"column":8},"end":{"line":218,"column":30}},"70":{"start":{"line":219,"column":8},"end":{"line":219,"column":71}},"71":{"start":{"line":222,"column":6},"end":{"line":222,"column":26}},"72":{"start":{"line":226,"column":32},"end":{"line":226,"column":56}},"73":{"start":{"line":228,"column":6},"end":{"line":240,"column":7}},"74":{"start":{"line":229,"column":8},"end":{"line":229,"column":35}},"75":{"start":{"line":230,"column":8},"end":{"line":230,"column":26}},"76":{"start":{"line":231,"column":8},"end":{"line":237,"column":11}},"77":{"start":{"line":232,"column":24},"end":{"line":232,"column":45}},"78":{"start":{"line":233,"column":10},"end":{"line":233,"column":32}},"79":{"start":{"line":234,"column":10},"end":{"line":234,"column":37}},"80":{"start":{"line":235,"column":10},"end":{"line":235,"column":30}},"81":{"start":{"line":236,"column":10},"end":{"line":236,"column":42}},"82":{"start":{"line":239,"column":8},"end":{"line":239,"column":168}},"83":{"start":{"line":244,"column":26},"end":{"line":244,"column":73}},"84":{"start":{"line":244,"column":54},"end":{"line":244,"column":72}},"85":{"start":{"line":245,"column":6},"end":{"line":245,"column":36}},"86":{"start":{"line":249,"column":22},"end":{"line":249,"column":56}},"87":{"start":{"line":250,"column":21},"end":{"line":250,"column":55}},"88":{"start":{"line":252,"column":6},"end":{"line":256,"column":7}},"89":{"start":{"line":253,"column":8},"end":{"line":253,"column":31}},"90":{"start":{"line":254,"column":8},"end":{"line":254,"column":36}},"91":{"start":{"line":255,"column":8},"end":{"line":255,"column":67}},"92":{"start":{"line":260,"column":6},"end":{"line":260,"column":48}},"93":{"start":{"line":264,"column":6},"end":{"line":264,"column":71}},"94":{"start":{"line":268,"column":6},"end":{"line":268,"column":36}},"95":{"start":{"line":272,"column":25},"end":{"line":272,"column":90}},"96":{"start":{"line":273,"column":22},"end":{"line":273,"column":90}},"97":{"start":{"line":274,"column":6},"end":{"line":274,"column":23}},"98":{"start":{"line":278,"column":6},"end":{"line":278,"column":29}},"99":{"start":{"line":282,"column":6},"end":{"line":287,"column":7}},"100":{"start":{"line":283,"column":8},"end":{"line":283,"column":66}},"101":{"start":{"line":285,"column":21},"end":{"line":285,"column":86}},"102":{"start":{"line":285,"column":52},"end":{"line":285,"column":82}},"103":{"start":{"line":286,"column":8},"end":{"line":286,"column":34}},"104":{"start":{"line":291,"column":6},"end":{"line":291,"column":33}},"105":{"start":{"line":295,"column":6},"end":{"line":295,"column":43}},"106":{"start":{"line":299,"column":6},"end":{"line":299,"column":31}},"107":{"start":{"line":303,"column":6},"end":{"line":303,"column":22}},"108":{"start":{"line":304,"column":6},"end":{"line":304,"column":35}},"109":{"start":{"line":308,"column":26},"end":{"line":308,"column":28}},"110":{"start":{"line":310,"column":6},"end":{"line":312,"column":7}},"111":{"start":{"line":311,"column":8},"end":{"line":311,"column":30}},"112":{"start":{"line":314,"column":6},"end":{"line":334,"column":7}},"113":{"start":{"line":316,"column":8},"end":{"line":318,"column":9}},"114":{"start":{"line":317,"column":10},"end":{"line":317,"column":39}},"115":{"start":{"line":320,"column":23},"end":{"line":320,"column":59}},"116":{"start":{"line":321,"column":25},"end":{"line":321,"column":112}},"117":{"start":{"line":322,"column":8},"end":{"line":322,"column":37}},"118":{"start":{"line":323,"column":8},"end":{"line":326,"column":11}},"119":{"start":{"line":324,"column":21},"end":{"line":324,"column":96}},"120":{"start":{"line":325,"column":10},"end":{"line":325,"column":33}},"121":{"start":{"line":327,"column":8},"end":{"line":327,"column":36}},"122":{"start":{"line":328,"column":8},"end":{"line":328,"column":35}},"123":{"start":{"line":329,"column":8},"end":{"line":329,"column":66}},"124":{"start":{"line":331,"column":24},"end":{"line":331,"column":61}},"125":{"start":{"line":332,"column":8},"end":{"line":332,"column":36}},"126":{"start":{"line":333,"column":8},"end":{"line":333,"column":36}},"127":{"start":{"line":336,"column":6},"end":{"line":338,"column":15}},"128":{"start":{"line":337,"column":8},"end":{"line":337,"column":42}},"129":{"start":{"line":342,"column":18},"end":{"line":342,"column":20}},"130":{"start":{"line":343,"column":6},"end":{"line":383,"column":9}},"131":{"start":{"line":344,"column":48},"end":{"line":344,"column":49}},"132":{"start":{"line":345,"column":47},"end":{"line":345,"column":48}},"133":{"start":{"line":347,"column":8},"end":{"line":382,"column":9}},"134":{"start":{"line":347,"column":36},"end":{"line":347,"column":59}},"135":{"start":{"line":348,"column":28},"end":{"line":348,"column":58}},"136":{"start":{"line":349,"column":25},"end":{"line":349,"column":59}},"137":{"start":{"line":350,"column":27},"end":{"line":350,"column":71}},"138":{"start":{"line":351,"column":47},"end":{"line":351,"column":130}},"139":{"start":{"line":353,"column":10},"end":{"line":381,"column":11}},"140":{"start":{"line":355,"column":12},"end":{"line":378,"column":15}},"141":{"start":{"line":356,"column":31},"end":{"line":356,"column":66}},"142":{"start":{"line":358,"column":14},"end":{"line":377,"column":15}},"143":{"start":{"line":359,"column":32},"end":{"line":359,"column":71}},"144":{"start":{"line":360,"column":16},"end":{"line":360,"column":118}},"145":{"start":{"line":361,"column":16},"end":{"line":361,"column":119}},"146":{"start":{"line":363,"column":16},"end":{"line":376,"column":17}},"147":{"start":{"line":364,"column":43},"end":{"line":364,"column":45}},"148":{"start":{"line":366,"column":18},"end":{"line":368,"column":53}},"149":{"start":{"line":368,"column":31},"end":{"line":368,"column":51}},"150":{"start":{"line":369,"column":29},"end":{"line":374,"column":19}},"151":{"start":{"line":375,"column":18},"end":{"line":375,"column":35}},"152":{"start":{"line":380,"column":12},"end":{"line":380,"column":18}},"153":{"start":{"line":384,"column":6},"end":{"line":384,"column":25}},"154":{"start":{"line":388,"column":6},"end":{"line":400,"column":9}},"155":{"start":{"line":389,"column":8},"end":{"line":399,"column":9}},"156":{"start":{"line":390,"column":10},"end":{"line":390,"column":33}},"157":{"start":{"line":391,"column":10},"end":{"line":391,"column":39}},"158":{"start":{"line":392,"column":10},"end":{"line":392,"column":42}},"159":{"start":{"line":393,"column":10},"end":{"line":393,"column":42}},"160":{"start":{"line":395,"column":10},"end":{"line":395,"column":50}},"161":{"start":{"line":396,"column":10},"end":{"line":396,"column":49}},"162":{"start":{"line":397,"column":10},"end":{"line":397,"column":42}},"163":{"start":{"line":398,"column":10},"end":{"line":398,"column":39}},"164":{"start":{"line":406,"column":4},"end":{"line":406,"column":26}},"165":{"start":{"line":410,"column":0},"end":{"line":410,"column":27}},"166":{"start":{"line":412,"column":20},"end":{"line":412,"column":89}},"167":{"start":{"line":412,"column":114},"end":{"line":412,"column":187}},"168":{"start":{"line":413,"column":0},"end":{"line":413,"column":1320}},"169":{"start":{"line":413,"column":54},"end":{"line":413,"column":58}},"170":{"start":{"line":413,"column":66},"end":{"line":413,"column":84}},"171":{"start":{"line":413,"column":92},"end":{"line":413,"column":108}},"172":{"start":{"line":413,"column":109},"end":{"line":413,"column":1319}},"173":{"start":{"line":413,"column":833},"end":{"line":413,"column":1148}},"174":{"start":{"line":413,"column":926},"end":{"line":413,"column":1143}},"175":{"start":{"line":414,"column":0},"end":{"line":414,"column":37}}},"fnMap":{"0":{"name":"(anonymous_0)","decl":{"start":{"line":1,"column":2},"end":{"line":1,"column":3}},"loc":{"start":{"line":1,"column":12},"end":{"line":411,"column":1}},"line":1},"1":{"name":"(anonymous_1)","decl":{"start":{"line":94,"column":4},"end":{"line":94,"column":5}},"loc":{"start":{"line":94,"column":29},"end":{"line":98,"column":5}},"line":94},"2":{"name":"(anonymous_2)","decl":{"start":{"line":100,"column":4},"end":{"line":100,"column":5}},"loc":{"start":{"line":100,"column":17},"end":{"line":104,"column":5}},"line":100},"3":{"name":"(anonymous_3)","decl":{"start":{"line":108,"column":2},"end":{"line":108,"column":3}},"loc":{"start":{"line":108,"column":9},"end":{"line":131,"column":3}},"line":108},"4":{"name":"(anonymous_4)","decl":{"start":{"line":135,"column":4},"end":{"line":135,"column":5}},"loc":{"start":{"line":135,"column":21},"end":{"line":152,"column":5}},"line":135},"5":{"name":"(anonymous_5)","decl":{"start":{"line":154,"column":4},"end":{"line":154,"column":5}},"loc":{"start":{"line":154,"column":61},"end":{"line":171,"column":5}},"line":154},"6":{"name":"(anonymous_6)","decl":{"start":{"line":165,"column":19},"end":{"line":165,"column":20}},"loc":{"start":{"line":165,"column":25},"end":{"line":167,"column":9}},"line":165},"7":{"name":"(anonymous_7)","decl":{"start":{"line":173,"column":4},"end":{"line":173,"column":5}},"loc":{"start":{"line":173,"column":19},"end":{"line":194,"column":5}},"line":173},"8":{"name":"(anonymous_8)","decl":{"start":{"line":196,"column":4},"end":{"line":196,"column":5}},"loc":{"start":{"line":196,"column":50},"end":{"line":205,"column":5}},"line":196},"9":{"name":"(anonymous_9)","decl":{"start":{"line":207,"column":4},"end":{"line":207,"column":5}},"loc":{"start":{"line":207,"column":31},"end":{"line":223,"column":5}},"line":207},"10":{"name":"(anonymous_10)","decl":{"start":{"line":209,"column":55},"end":{"line":209,"column":56}},"loc":{"start":{"line":209,"column":60},"end":{"line":209,"column":68}},"line":209},"11":{"name":"(anonymous_11)","decl":{"start":{"line":212,"column":103},"end":{"line":212,"column":104}},"loc":{"start":{"line":212,"column":111},"end":{"line":212,"column":122}},"line":212},"12":{"name":"(anonymous_12)","decl":{"start":{"line":225,"column":4},"end":{"line":225,"column":5}},"loc":{"start":{"line":225,"column":16},"end":{"line":241,"column":5}},"line":225},"13":{"name":"(anonymous_13)","decl":{"start":{"line":231,"column":28},"end":{"line":231,"column":29}},"loc":{"start":{"line":231,"column":51},"end":{"line":237,"column":9}},"line":231},"14":{"name":"(anonymous_14)","decl":{"start":{"line":243,"column":4},"end":{"line":243,"column":5}},"loc":{"start":{"line":243,"column":24},"end":{"line":246,"column":5}},"line":243},"15":{"name":"(anonymous_15)","decl":{"start":{"line":244,"column":45},"end":{"line":244,"column":46}},"loc":{"start":{"line":244,"column":54},"end":{"line":244,"column":72}},"line":244},"16":{"name":"(anonymous_16)","decl":{"start":{"line":248,"column":4},"end":{"line":248,"column":5}},"loc":{"start":{"line":248,"column":29},"end":{"line":257,"column":5}},"line":248},"17":{"name":"(anonymous_17)","decl":{"start":{"line":259,"column":4},"end":{"line":259,"column":5}},"loc":{"start":{"line":259,"column":48},"end":{"line":261,"column":5}},"line":259},"18":{"name":"(anonymous_18)","decl":{"start":{"line":263,"column":4},"end":{"line":263,"column":5}},"loc":{"start":{"line":263,"column":39},"end":{"line":265,"column":5}},"line":263},"19":{"name":"(anonymous_19)","decl":{"start":{"line":267,"column":4},"end":{"line":267,"column":5}},"loc":{"start":{"line":267,"column":21},"end":{"line":269,"column":5}},"line":267},"20":{"name":"(anonymous_20)","decl":{"start":{"line":271,"column":4},"end":{"line":271,"column":5}},"loc":{"start":{"line":271,"column":16},"end":{"line":275,"column":5}},"line":271},"21":{"name":"(anonymous_21)","decl":{"start":{"line":277,"column":4},"end":{"line":277,"column":5}},"loc":{"start":{"line":277,"column":15},"end":{"line":279,"column":5}},"line":277},"22":{"name":"(anonymous_22)","decl":{"start":{"line":281,"column":4},"end":{"line":281,"column":5}},"loc":{"start":{"line":281,"column":32},"end":{"line":288,"column":5}},"line":281},"23":{"name":"(anonymous_23)","decl":{"start":{"line":285,"column":39},"end":{"line":285,"column":40}},"loc":{"start":{"line":285,"column":52},"end":{"line":285,"column":82}},"line":285},"24":{"name":"(anonymous_24)","decl":{"start":{"line":290,"column":4},"end":{"line":290,"column":5}},"loc":{"start":{"line":290,"column":28},"end":{"line":292,"column":5}},"line":290},"25":{"name":"(anonymous_25)","decl":{"start":{"line":294,"column":4},"end":{"line":294,"column":5}},"loc":{"start":{"line":294,"column":33},"end":{"line":296,"column":5}},"line":294},"26":{"name":"(anonymous_26)","decl":{"start":{"line":298,"column":4},"end":{"line":298,"column":5}},"loc":{"start":{"line":298,"column":18},"end":{"line":300,"column":5}},"line":298},"27":{"name":"(anonymous_27)","decl":{"start":{"line":302,"column":4},"end":{"line":302,"column":5}},"loc":{"start":{"line":302,"column":17},"end":{"line":305,"column":5}},"line":302},"28":{"name":"(anonymous_28)","decl":{"start":{"line":307,"column":4},"end":{"line":307,"column":5}},"loc":{"start":{"line":307,"column":15},"end":{"line":339,"column":5}},"line":307},"29":{"name":"(anonymous_29)","decl":{"start":{"line":323,"column":44},"end":{"line":323,"column":45}},"loc":{"start":{"line":323,"column":59},"end":{"line":326,"column":9}},"line":323},"30":{"name":"(anonymous_30)","decl":{"start":{"line":336,"column":17},"end":{"line":336,"column":18}},"loc":{"start":{"line":336,"column":23},"end":{"line":338,"column":7}},"line":336},"31":{"name":"(anonymous_31)","decl":{"start":{"line":341,"column":4},"end":{"line":341,"column":5}},"loc":{"start":{"line":341,"column":21},"end":{"line":385,"column":5}},"line":341},"32":{"name":"(anonymous_32)","decl":{"start":{"line":343,"column":26},"end":{"line":343,"column":27}},"loc":{"start":{"line":343,"column":63},"end":{"line":383,"column":7}},"line":343},"33":{"name":"(anonymous_33)","decl":{"start":{"line":355,"column":32},"end":{"line":355,"column":33}},"loc":{"start":{"line":355,"column":67},"end":{"line":378,"column":13}},"line":355},"34":{"name":"(anonymous_34)","decl":{"start":{"line":368,"column":21},"end":{"line":368,"column":22}},"loc":{"start":{"line":368,"column":31},"end":{"line":368,"column":51}},"line":368},"35":{"name":"(anonymous_35)","decl":{"start":{"line":387,"column":4},"end":{"line":387,"column":5}},"loc":{"start":{"line":387,"column":36},"end":{"line":401,"column":5}},"line":387},"36":{"name":"(anonymous_36)","decl":{"start":{"line":388,"column":20},"end":{"line":388,"column":21}},"loc":{"start":{"line":388,"column":28},"end":{"line":400,"column":7}},"line":388},"37":{"name":"(anonymous_37)","decl":{"start":{"line":405,"column":2},"end":{"line":405,"column":3}},"loc":{"start":{"line":405,"column":12},"end":{"line":407,"column":3}},"line":405},"38":{"name":"render","decl":{"start":{"line":413,"column":35},"end":{"line":413,"column":41}},"loc":{"start":{"line":413,"column":45},"end":{"line":413,"column":1320}},"line":413},"39":{"name":"(anonymous_39)","decl":{"start":{"line":413,"column":806},"end":{"line":413,"column":807}},"loc":{"start":{"line":413,"column":832},"end":{"line":413,"column":1149}},"line":413},"40":{"name":"(anonymous_40)","decl":{"start":{"line":413,"column":901},"end":{"line":413,"column":902}},"loc":{"start":{"line":413,"column":925},"end":{"line":413,"column":1144}},"line":413}},"branchMap":{"0":{"loc":{"start":{"line":95,"column":6},"end":{"line":97,"column":7}},"type":"if","locations":[{"start":{"line":95,"column":6},"end":{"line":97,"column":7}},{"start":{"line":95,"column":6},"end":{"line":97,"column":7}}],"line":95},"1":{"loc":{"start":{"line":101,"column":6},"end":{"line":103,"column":7}},"type":"if","locations":[{"start":{"line":101,"column":6},"end":{"line":103,"column":7}},{"start":{"line":101,"column":6},"end":{"line":103,"column":7}}],"line":101},"2":{"loc":{"start":{"line":141,"column":18},"end":{"line":141,"column":60}},"type":"cond-expr","locations":[{"start":{"line":141,"column":33},"end":{"line":141,"column":51}},{"start":{"line":141,"column":54},"end":{"line":141,"column":60}}],"line":141},"3":{"loc":{"start":{"line":159,"column":6},"end":{"line":170,"column":7}},"type":"if","locations":[{"start":{"line":159,"column":6},"end":{"line":170,"column":7}},{"start":{"line":159,"column":6},"end":{"line":170,"column":7}}],"line":159},"4":{"loc":{"start":{"line":179,"column":6},"end":{"line":189,"column":7}},"type":"if","locations":[{"start":{"line":179,"column":6},"end":{"line":189,"column":7}},{"start":{"line":179,"column":6},"end":{"line":189,"column":7}}],"line":179},"5":{"loc":{"start":{"line":191,"column":6},"end":{"line":193,"column":7}},"type":"if","locations":[{"start":{"line":191,"column":6},"end":{"line":193,"column":7}},{"start":{"line":191,"column":6},"end":{"line":193,"column":7}}],"line":191},"6":{"loc":{"start":{"line":200,"column":6},"end":{"line":204,"column":7}},"type":"if","locations":[{"start":{"line":200,"column":6},"end":{"line":204,"column":7}},{"start":{"line":200,"column":6},"end":{"line":204,"column":7}}],"line":200},"7":{"loc":{"start":{"line":211,"column":6},"end":{"line":213,"column":7}},"type":"if","locations":[{"start":{"line":211,"column":6},"end":{"line":213,"column":7}},{"start":{"line":211,"column":6},"end":{"line":213,"column":7}}],"line":211},"8":{"loc":{"start":{"line":215,"column":6},"end":{"line":220,"column":7}},"type":"if","locations":[{"start":{"line":215,"column":6},"end":{"line":220,"column":7}},{"start":{"line":215,"column":6},"end":{"line":220,"column":7}}],"line":215},"9":{"loc":{"start":{"line":228,"column":6},"end":{"line":240,"column":7}},"type":"if","locations":[{"start":{"line":228,"column":6},"end":{"line":240,"column":7}},{"start":{"line":228,"column":6},"end":{"line":240,"column":7}}],"line":228},"10":{"loc":{"start":{"line":252,"column":6},"end":{"line":256,"column":7}},"type":"if","locations":[{"start":{"line":252,"column":6},"end":{"line":256,"column":7}},{"start":{"line":252,"column":6},"end":{"line":256,"column":7}}],"line":252},"11":{"loc":{"start":{"line":252,"column":10},"end":{"line":252,"column":63}},"type":"binary-expr","locations":[{"start":{"line":252,"column":10},"end":{"line":252,"column":18}},{"start":{"line":252,"column":22},"end":{"line":252,"column":38}},{"start":{"line":252,"column":42},"end":{"line":252,"column":63}}],"line":252},"12":{"loc":{"start":{"line":272,"column":25},"end":{"line":272,"column":90}},"type":"binary-expr","locations":[{"start":{"line":272,"column":25},"end":{"line":272,"column":54}},{"start":{"line":272,"column":58},"end":{"line":272,"column":90}}],"line":272},"13":{"loc":{"start":{"line":273,"column":22},"end":{"line":273,"column":90}},"type":"binary-expr","locations":[{"start":{"line":273,"column":22},"end":{"line":273,"column":74}},{"start":{"line":273,"column":78},"end":{"line":273,"column":90}}],"line":273},"14":{"loc":{"start":{"line":282,"column":6},"end":{"line":287,"column":7}},"type":"if","locations":[{"start":{"line":282,"column":6},"end":{"line":287,"column":7}},{"start":{"line":282,"column":6},"end":{"line":287,"column":7}}],"line":282},"15":{"loc":{"start":{"line":310,"column":6},"end":{"line":312,"column":7}},"type":"if","locations":[{"start":{"line":310,"column":6},"end":{"line":312,"column":7}},{"start":{"line":310,"column":6},"end":{"line":312,"column":7}}],"line":310},"16":{"loc":{"start":{"line":314,"column":6},"end":{"line":334,"column":7}},"type":"if","locations":[{"start":{"line":314,"column":6},"end":{"line":334,"column":7}},{"start":{"line":314,"column":6},"end":{"line":334,"column":7}}],"line":314},"17":{"loc":{"start":{"line":316,"column":8},"end":{"line":318,"column":9}},"type":"if","locations":[{"start":{"line":316,"column":8},"end":{"line":318,"column":9}},{"start":{"line":316,"column":8},"end":{"line":318,"column":9}}],"line":316},"18":{"loc":{"start":{"line":351,"column":47},"end":{"line":351,"column":130}},"type":"cond-expr","locations":[{"start":{"line":351,"column":60},"end":{"line":351,"column":64}},{"start":{"line":351,"column":67},"end":{"line":351,"column":130}}],"line":351},"19":{"loc":{"start":{"line":353,"column":10},"end":{"line":381,"column":11}},"type":"if","locations":[{"start":{"line":353,"column":10},"end":{"line":381,"column":11}},{"start":{"line":353,"column":10},"end":{"line":381,"column":11}}],"line":353},"20":{"loc":{"start":{"line":353,"column":14},"end":{"line":353,"column":66}},"type":"binary-expr","locations":[{"start":{"line":353,"column":14},"end":{"line":353,"column":32}},{"start":{"line":353,"column":36},"end":{"line":353,"column":66}}],"line":353},"21":{"loc":{"start":{"line":358,"column":14},"end":{"line":377,"column":15}},"type":"if","locations":[{"start":{"line":358,"column":14},"end":{"line":377,"column":15}},{"start":{"line":358,"column":14},"end":{"line":377,"column":15}}],"line":358},"22":{"loc":{"start":{"line":358,"column":18},"end":{"line":358,"column":124}},"type":"binary-expr","locations":[{"start":{"line":358,"column":18},"end":{"line":358,"column":83}},{"start":{"line":358,"column":87},"end":{"line":358,"column":124}}],"line":358},"23":{"loc":{"start":{"line":363,"column":16},"end":{"line":376,"column":17}},"type":"if","locations":[{"start":{"line":363,"column":16},"end":{"line":376,"column":17}},{"start":{"line":363,"column":16},"end":{"line":376,"column":17}}],"line":363},"24":{"loc":{"start":{"line":387,"column":21},"end":{"line":387,"column":34}},"type":"default-arg","locations":[{"start":{"line":387,"column":29},"end":{"line":387,"column":34}}],"line":387},"25":{"loc":{"start":{"line":389,"column":8},"end":{"line":399,"column":9}},"type":"if","locations":[{"start":{"line":389,"column":8},"end":{"line":399,"column":9}},{"start":{"line":389,"column":8},"end":{"line":399,"column":9}}],"line":389},"26":{"loc":{"start":{"line":412,"column":20},"end":{"line":412,"column":89}},"type":"cond-expr","locations":[{"start":{"line":412,"column":50},"end":{"line":412,"column":72}},{"start":{"line":412,"column":75},"end":{"line":412,"column":89}}],"line":412},"27":{"loc":{"start":{"line":412,"column":114},"end":{"line":412,"column":187}},"type":"cond-expr","locations":[{"start":{"line":412,"column":151},"end":{"line":412,"column":172}},{"start":{"line":412,"column":174},"end":{"line":412,"column":187}}],"line":412},"28":{"loc":{"start":{"line":413,"column":92},"end":{"line":413,"column":108}},"type":"binary-expr","locations":[{"start":{"line":413,"column":92},"end":{"line":413,"column":104}},{"start":{"line":413,"column":106},"end":{"line":413,"column":108}}],"line":413},"29":{"loc":{"start":{"line":413,"column":126},"end":{"line":413,"column":167}},"type":"cond-expr","locations":[{"start":{"line":413,"column":143},"end":{"line":413,"column":158}},{"start":{"line":413,"column":159},"end":{"line":413,"column":167}}],"line":413}},"s":{"0":1,"1":1,"2":1,"3":1,"4":1,"5":1,"6":1,"7":1,"8":1,"9":1,"10":1,"11":1,"12":1,"13":1,"14":1,"15":6,"16":1,"17":3,"18":3,"19":35,"20":35,"21":35,"22":35,"23":3640,"24":3640,"25":35,"26":35,"27":35,"28":35,"29":35,"30":2,"31":2,"32":2,"33":1,"34":1,"35":1,"36":1,"37":1,"38":1,"39":0,"40":1,"41":3,"42":3,"43":3,"44":3,"45":2,"46":2,"47":2,"48":2,"49":2,"50":2,"51":2,"52":1,"53":3,"54":3,"55":1,"56":1,"57":1,"58":1,"59":1,"60":8,"61":8,"62":75,"63":8,"64":4,"65":52,"66":8,"67":4,"68":4,"69":4,"70":4,"71":8,"72":2,"73":2,"74":1,"75":1,"76":1,"77":2,"78":2,"79":2,"80":2,"81":2,"82":1,"83":4,"84":8,"85":4,"86":7,"87":7,"88":7,"89":7,"90":7,"91":7,"92":7,"93":3,"94":6,"95":6,"96":6,"97":6,"98":2,"99":21,"100":3,"101":18,"102":54,"103":18,"104":2,"105":0,"106":1,"107":3,"108":3,"109":5,"110":5,"111":3,"112":5,"113":4,"114":1,"115":4,"116":4,"117":4,"118":4,"119":8,"120":8,"121":4,"122":4,"123":4,"124":1,"125":1,"126":1,"127":5,"128":1,"129":4,"130":4,"131":11,"132":11,"133":11,"134":11,"135":25,"136":25,"137":25,"138":25,"139":25,"140":14,"141":40,"142":40,"143":6,"144":6,"145":6,"146":6,"147":6,"148":6,"149":9,"150":6,"151":6,"152":11,"153":4,"154":6,"155":16,"156":3,"157":3,"158":3,"159":3,"160":13,"161":13,"162":13,"163":13,"164":35,"165":1,"166":1,"167":1,"168":1,"169":76,"170":76,"171":76,"172":76,"173":269,"174":1578,"175":1},"f":{"0":1,"1":6,"2":3,"3":35,"4":35,"5":2,"6":0,"7":3,"8":1,"9":8,"10":75,"11":52,"12":2,"13":2,"14":4,"15":8,"16":7,"17":7,"18":3,"19":6,"20":6,"21":2,"22":21,"23":54,"24":2,"25":0,"26":1,"27":3,"28":5,"29":8,"30":1,"31":4,"32":11,"33":40,"34":9,"35":6,"36":16,"37":35,"38":76,"39":269,"40":1578},"b":{"0":[1,5],"1":[3,0],"2":[280,3360],"3":[1,1],"4":[2,1],"5":[3,0],"6":[1,0],"7":[4,4],"8":[4,4],"9":[1,1],"10":[7,0],"11":[7,7,7],"12":[6,1],"13":[6,3],"14":[3,18],"15":[3,2],"16":[4,1],"17":[1,3],"18":[11,14],"19":[14,11],"20":[25,18],"21":[6,34],"22":[40,6],"23":[6,0],"24":[5],"25":[3,13],"26":[1,0],"27":[0,1],"28":[76,0],"29":[3,73]},"_coverageSchema":"43e27e138ebf9cfc5966b082cf9a028302ed4184","hash":"9929e0488961c9c7ab4e556e7c6ecfe41451f5d5"}
,"C:\\Gitlab\\SpiderSolitaire\\src\\router\\index.js": {"path":"C:\\Gitlab\\SpiderSolitaire\\src\\router\\index.js","statementMap":{"0":{"start":{"line":6,"column":0},"end":{"line":6,"column":19}},"1":{"start":{"line":8,"column":15},"end":{"line":19,"column":1}},"2":{"start":{"line":21,"column":15},"end":{"line":25,"column":2}}},"fnMap":{},"branchMap":{},"s":{"0":0,"1":0,"2":0},"f":{},"b":{},"hash":"ce3dbc8353b8227ffc34682b4f220caf70619aa8"}
,"C:\\Gitlab\\SpiderSolitaire\\src\\services\\spiderSolitaireService.js": {"path":"C:\\Gitlab\\SpiderSolitaire\\src\\services\\spiderSolitaireService.js","statementMap":{"0":{"start":{"line":11,"column":4},"end":{"line":11,"column":13}},"1":{"start":{"line":13,"column":31},"end":{"line":144,"column":1}},"2":{"start":{"line":15,"column":4},"end":{"line":39,"column":5}},"3":{"start":{"line":16,"column":23},"end":{"line":16,"column":64}},"4":{"start":{"line":17,"column":25},"end":{"line":20,"column":9}},"5":{"start":{"line":21,"column":22},"end":{"line":21,"column":74}},"6":{"start":{"line":22,"column":26},"end":{"line":25,"column":9}},"7":{"start":{"line":27,"column":19},"end":{"line":27,"column":55}},"8":{"start":{"line":29,"column":6},"end":{"line":29,"column":44}},"9":{"start":{"line":30,"column":6},"end":{"line":30,"column":36}},"10":{"start":{"line":32,"column":6},"end":{"line":32,"column":20}},"11":{"start":{"line":34,"column":21},"end":{"line":34,"column":50}},"12":{"start":{"line":36,"column":6},"end":{"line":36,"column":28}},"13":{"start":{"line":38,"column":6},"end":{"line":38,"column":21}},"14":{"start":{"line":42,"column":4},"end":{"line":62,"column":5}},"15":{"start":{"line":43,"column":19},"end":{"line":43,"column":21}},"16":{"start":{"line":44,"column":21},"end":{"line":44,"column":23}},"17":{"start":{"line":46,"column":6},"end":{"line":53,"column":9}},"18":{"start":{"line":47,"column":8},"end":{"line":47,"column":30}},"19":{"start":{"line":49,"column":8},"end":{"line":52,"column":9}},"20":{"start":{"line":50,"column":10},"end":{"line":50,"column":34}},"21":{"start":{"line":51,"column":10},"end":{"line":51,"column":26}},"22":{"start":{"line":55,"column":6},"end":{"line":55,"column":20}},"23":{"start":{"line":57,"column":21},"end":{"line":57,"column":50}},"24":{"start":{"line":59,"column":6},"end":{"line":59,"column":28}},"25":{"start":{"line":61,"column":6},"end":{"line":61,"column":21}},"26":{"start":{"line":65,"column":4},"end":{"line":78,"column":5}},"27":{"start":{"line":66,"column":6},"end":{"line":71,"column":9}},"28":{"start":{"line":67,"column":23},"end":{"line":67,"column":46}},"29":{"start":{"line":69,"column":8},"end":{"line":69,"column":31}},"30":{"start":{"line":70,"column":8},"end":{"line":70,"column":36}},"31":{"start":{"line":73,"column":21},"end":{"line":73,"column":50}},"32":{"start":{"line":75,"column":6},"end":{"line":75,"column":28}},"33":{"start":{"line":77,"column":6},"end":{"line":77,"column":21}},"34":{"start":{"line":81,"column":4},"end":{"line":95,"column":5}},"35":{"start":{"line":82,"column":6},"end":{"line":88,"column":9}},"36":{"start":{"line":83,"column":8},"end":{"line":87,"column":11}},"37":{"start":{"line":90,"column":21},"end":{"line":90,"column":50}},"38":{"start":{"line":92,"column":6},"end":{"line":92,"column":28}},"39":{"start":{"line":94,"column":6},"end":{"line":94,"column":21}},"40":{"start":{"line":98,"column":4},"end":{"line":98,"column":51}},"41":{"start":{"line":101,"column":4},"end":{"line":115,"column":5}},"42":{"start":{"line":102,"column":24},"end":{"line":102,"column":50}},"43":{"start":{"line":104,"column":26},"end":{"line":106,"column":7}},"44":{"start":{"line":105,"column":34},"end":{"line":105,"column":45}},"45":{"start":{"line":108,"column":6},"end":{"line":108,"column":25}},"46":{"start":{"line":110,"column":21},"end":{"line":110,"column":50}},"47":{"start":{"line":112,"column":6},"end":{"line":112,"column":28}},"48":{"start":{"line":114,"column":6},"end":{"line":114,"column":21}},"49":{"start":{"line":118,"column":4},"end":{"line":142,"column":5}},"50":{"start":{"line":119,"column":18},"end":{"line":119,"column":19}},"51":{"start":{"line":121,"column":6},"end":{"line":133,"column":7}},"52":{"start":{"line":121,"column":27},"end":{"line":121,"column":43}},"53":{"start":{"line":122,"column":23},"end":{"line":122,"column":43}},"54":{"start":{"line":123,"column":24},"end":{"line":123,"column":40}},"55":{"start":{"line":125,"column":8},"end":{"line":132,"column":9}},"56":{"start":{"line":129,"column":10},"end":{"line":129,"column":18}},"57":{"start":{"line":131,"column":10},"end":{"line":131,"column":16}},"58":{"start":{"line":135,"column":6},"end":{"line":135,"column":19}},"59":{"start":{"line":137,"column":21},"end":{"line":137,"column":50}},"60":{"start":{"line":139,"column":6},"end":{"line":139,"column":28}},"61":{"start":{"line":141,"column":6},"end":{"line":141,"column":21}}},"fnMap":{"0":{"name":"(anonymous_0)","decl":{"start":{"line":14,"column":2},"end":{"line":14,"column":3}},"loc":{"start":{"line":14,"column":24},"end":{"line":40,"column":3}},"line":14},"1":{"name":"(anonymous_1)","decl":{"start":{"line":41,"column":2},"end":{"line":41,"column":3}},"loc":{"start":{"line":41,"column":33},"end":{"line":63,"column":3}},"line":41},"2":{"name":"(anonymous_2)","decl":{"start":{"line":46,"column":20},"end":{"line":46,"column":21}},"loc":{"start":{"line":46,"column":37},"end":{"line":53,"column":7}},"line":46},"3":{"name":"(anonymous_3)","decl":{"start":{"line":64,"column":2},"end":{"line":64,"column":3}},"loc":{"start":{"line":64,"column":27},"end":{"line":79,"column":3}},"line":64},"4":{"name":"(anonymous_4)","decl":{"start":{"line":66,"column":21},"end":{"line":66,"column":22}},"loc":{"start":{"line":66,"column":32},"end":{"line":71,"column":7}},"line":66},"5":{"name":"(anonymous_5)","decl":{"start":{"line":80,"column":2},"end":{"line":80,"column":3}},"loc":{"start":{"line":80,"column":35},"end":{"line":96,"column":3}},"line":80},"6":{"name":"(anonymous_6)","decl":{"start":{"line":82,"column":21},"end":{"line":82,"column":22}},"loc":{"start":{"line":82,"column":32},"end":{"line":88,"column":7}},"line":82},"7":{"name":"(anonymous_7)","decl":{"start":{"line":97,"column":2},"end":{"line":97,"column":3}},"loc":{"start":{"line":97,"column":23},"end":{"line":99,"column":3}},"line":97},"8":{"name":"(anonymous_8)","decl":{"start":{"line":100,"column":2},"end":{"line":100,"column":3}},"loc":{"start":{"line":100,"column":36},"end":{"line":116,"column":3}},"line":100},"9":{"name":"(anonymous_9)","decl":{"start":{"line":105,"column":24},"end":{"line":105,"column":25}},"loc":{"start":{"line":105,"column":34},"end":{"line":105,"column":45}},"line":105},"10":{"name":"(anonymous_10)","decl":{"start":{"line":117,"column":2},"end":{"line":117,"column":3}},"loc":{"start":{"line":117,"column":35},"end":{"line":143,"column":3}},"line":117}},"branchMap":{"0":{"loc":{"start":{"line":49,"column":8},"end":{"line":52,"column":9}},"type":"if","locations":[{"start":{"line":49,"column":8},"end":{"line":52,"column":9}},{"start":{"line":49,"column":8},"end":{"line":52,"column":9}}],"line":49},"1":{"loc":{"start":{"line":125,"column":8},"end":{"line":132,"column":9}},"type":"if","locations":[{"start":{"line":125,"column":8},"end":{"line":132,"column":9}},{"start":{"line":125,"column":8},"end":{"line":132,"column":9}}],"line":125},"2":{"loc":{"start":{"line":126,"column":10},"end":{"line":127,"column":67}},"type":"binary-expr","locations":[{"start":{"line":126,"column":10},"end":{"line":126,"column":25}},{"start":{"line":127,"column":10},"end":{"line":127,"column":67}}],"line":126}},"s":{"0":2,"1":2,"2":37,"3":37,"4":36,"5":36,"6":36,"7":36,"8":36,"9":36,"10":36,"11":1,"12":1,"13":1,"14":74,"15":74,"16":74,"17":74,"18":1968,"19":1968,"20":364,"21":364,"22":73,"23":1,"24":1,"25":1,"26":38,"27":38,"28":363,"29":363,"30":362,"31":1,"32":1,"33":1,"34":38,"35":38,"36":362,"37":1,"38":1,"39":1,"40":36,"41":5,"42":5,"43":4,"44":7,"45":4,"46":1,"47":1,"48":1,"49":14,"50":14,"51":14,"52":14,"53":14,"54":14,"55":14,"56":4,"57":10,"58":13,"59":1,"60":1,"61":1},"f":{"0":37,"1":74,"2":1968,"3":38,"4":363,"5":38,"6":362,"7":36,"8":5,"9":7,"10":14},"b":{"0":[364,1604],"1":[4,10],"2":[14,4]},"_coverageSchema":"43e27e138ebf9cfc5966b082cf9a028302ed4184","hash":"1b8b51400f669de43339003469c650ef8acbb684"}
}
