TN:
SF:C:\Gitlab\SpiderSolitaire\src\App.vue
FNF:0
FNH:0
DA:8,1
LF:1
LH:1
BRF:0
BRH:0
end_of_record
TN:
SF:C:\Gitlab\SpiderSolitaire\src\common\constants\constants.js
FNF:0
FNH:0
DA:3,3
LF:1
LH:1
BRF:0
BRH:0
end_of_record
TN:
SF:C:\Gitlab\SpiderSolitaire\src\common\enums\scoreRuleEnum.js
FNF:0
FNH:0
DA:1,3
LF:1
LH:1
BRF:0
BRH:0
end_of_record
TN:
SF:C:\Gitlab\SpiderSolitaire\src\common\enums\toastrTypeEnum.js
FNF:0
FNH:0
DA:1,2
LF:1
LH:1
BRF:0
BRH:0
end_of_record
TN:
SF:C:\Gitlab\SpiderSolitaire\src\common\helpers\utils.js
FN:2,(anonymous_0)
FN:19,(anonymous_1)
FN:21,(anonymous_2)
FN:24,(anonymous_3)
FNF:4
FNH:4
FNDA:37,(anonymous_0)
FNDA:65,(anonymous_1)
FNDA:113,(anonymous_2)
FNDA:110,(anonymous_3)
DA:1,3
DA:3,37
DA:4,37
DA:5,3610
DA:7,3610
DA:10,36
DA:12,1
DA:14,1
DA:16,1
DA:20,65
DA:21,65
DA:22,113
DA:24,110
DA:26,64
DA:28,1
DA:30,1
DA:32,1
LF:17
LH:17
BRF:0
BRH:0
end_of_record
TN:
SF:C:\Gitlab\SpiderSolitaire\src\components\Button.vue
FN:28,(anonymous_1)
FN:31,(anonymous_2)
FNF:2
FNH:2
FNDA:1,(anonymous_1)
FNDA:3,(anonymous_2)
DA:29,1
DA:32,3
LF:2
LH:2
BRF:0
BRH:0
end_of_record
TN:
SF:C:\Gitlab\SpiderSolitaire\src\components\Card.vue
FN:59,(anonymous_1)
FN:62,(anonymous_2)
FN:65,(anonymous_3)
FN:68,(anonymous_4)
FNF:4
FNH:4
FNDA:1,(anonymous_1)
FNDA:1,(anonymous_2)
FNDA:1,(anonymous_3)
FNDA:5,(anonymous_4)
DA:33,3
DA:60,1
DA:63,1
DA:66,1
DA:69,5
DA:70,4
DA:72,1
LF:7
LH:7
BRDA:69,0,0,4
BRDA:69,0,1,1
BRF:2
BRH:2
end_of_record
TN:
SF:C:\Gitlab\SpiderSolitaire\src\components\CardDealSection.vue
FN:42,(anonymous_1)
FNF:1
FNH:1
FNDA:1,(anonymous_1)
DA:27,3
DA:43,1
LF:2
LH:2
BRF:0
BRH:0
end_of_record
TN:
SF:C:\Gitlab\SpiderSolitaire\src\components\CardHolderSection.vue
FN:35,(anonymous_1)
FN:36,(anonymous_2)
FN:40,(anonymous_3)
FN:46,(anonymous_4)
FN:62,(anonymous_5)
FNF:5
FNH:5
FNDA:1,(anonymous_1)
FNDA:8,(anonymous_2)
FNDA:3,(anonymous_3)
FNDA:3,(anonymous_4)
FNDA:3,(anonymous_5)
DA:16,3
DA:36,9
DA:37,1
DA:41,3
DA:47,3
DA:49,3
DA:50,24
DA:52,24
DA:53,4
DA:56,24
DA:59,3
DA:63,3
LF:12
LH:12
BRDA:52,0,0,4
BRDA:52,0,1,20
BRF:2
BRH:2
end_of_record
TN:
SF:C:\Gitlab\SpiderSolitaire\src\components\ConfirmBox.vue
FN:25,(anonymous_1)
FN:31,(anonymous_2)
FN:34,(anonymous_3)
FNF:3
FNH:3
FNDA:4,(anonymous_1)
FNDA:1,(anonymous_2)
FNDA:1,(anonymous_3)
DA:26,4
DA:32,1
DA:35,1
LF:3
LH:3
BRF:0
BRH:0
end_of_record
TN:
SF:C:\Gitlab\SpiderSolitaire\src\components\HeaderSection.vue
FN:42,(anonymous_1)
FNF:1
FNH:1
FNDA:1,(anonymous_1)
DA:20,3
DA:21,3
DA:22,3
DA:43,1
LF:4
LH:4
BRF:0
BRH:0
end_of_record
TN:
SF:C:\Gitlab\SpiderSolitaire\src\components\Timer.vue
FN:18,(anonymous_1)
FN:24,(anonymous_2)
FN:31,(anonymous_3)
FN:42,(anonymous_4)
FN:43,(anonymous_5)
FN:47,(anonymous_6)
FN:51,(anonymous_7)
FNF:7
FNH:7
FNDA:1,(anonymous_1)
FNDA:3,(anonymous_2)
FNDA:9,(anonymous_3)
FNDA:3,(anonymous_4)
FNDA:18,(anonymous_5)
FNDA:1,(anonymous_6)
FNDA:3,(anonymous_7)
DA:19,1
DA:20,1
DA:25,3
DA:32,9
DA:33,9
DA:34,9
DA:36,9
DA:38,9
DA:43,3
DA:44,18
DA:48,1
DA:52,3
LF:12
LH:12
BRDA:19,0,0,1
BRDA:19,0,1,0
BRF:2
BRH:1
end_of_record
TN:
SF:C:\Gitlab\SpiderSolitaire\src\components\Toastr\Toastr.js
FN:4,(anonymous_0)
FNF:1
FNH:1
FNDA:3,(anonymous_0)
DA:5,3
LF:1
LH:1
BRF:0
BRH:0
end_of_record
TN:
SF:C:\Gitlab\SpiderSolitaire\src\pages\SpiderSolitaire.vue
FN:74,(anonymous_1)
FN:79,(anonymous_2)
FN:85,(anonymous_3)
FN:111,(anonymous_4)
FN:134,(anonymous_5)
FN:149,(anonymous_6)
FN:159,(anonymous_7)
FN:185,(anonymous_8)
FN:194,(anonymous_9)
FN:196,(anonymous_10)
FN:199,(anonymous_11)
FN:215,(anonymous_12)
FN:222,(anonymous_13)
FN:238,(anonymous_14)
FN:239,(anonymous_15)
FN:243,(anonymous_16)
FN:254,(anonymous_17)
FN:257,(anonymous_18)
FN:260,(anonymous_19)
FN:263,(anonymous_20)
FN:271,(anonymous_21)
FN:274,(anonymous_22)
FN:278,(anonymous_23)
FN:285,(anonymous_24)
FN:288,(anonymous_25)
FN:291,(anonymous_26)
FN:294,(anonymous_27)
FN:298,(anonymous_28)
FN:318,(anonymous_29)
FN:337,(anonymous_30)
FN:341,(anonymous_31)
FN:342,(anonymous_32)
FN:356,(anonymous_33)
FN:359,(anonymous_34)
FN:378,(anonymous_35)
FN:389,(anonymous_36)
FN:412,(anonymous_37)
FNF:37
FNH:35
FNDA:6,(anonymous_1)
FNDA:3,(anonymous_2)
FNDA:35,(anonymous_3)
FNDA:35,(anonymous_4)
FNDA:2,(anonymous_5)
FNDA:0,(anonymous_6)
FNDA:3,(anonymous_7)
FNDA:1,(anonymous_8)
FNDA:8,(anonymous_9)
FNDA:75,(anonymous_10)
FNDA:52,(anonymous_11)
FNDA:2,(anonymous_12)
FNDA:2,(anonymous_13)
FNDA:4,(anonymous_14)
FNDA:8,(anonymous_15)
FNDA:7,(anonymous_16)
FNDA:7,(anonymous_17)
FNDA:3,(anonymous_18)
FNDA:6,(anonymous_19)
FNDA:6,(anonymous_20)
FNDA:2,(anonymous_21)
FNDA:21,(anonymous_22)
FNDA:54,(anonymous_23)
FNDA:2,(anonymous_24)
FNDA:0,(anonymous_25)
FNDA:1,(anonymous_26)
FNDA:3,(anonymous_27)
FNDA:5,(anonymous_28)
FNDA:8,(anonymous_29)
FNDA:1,(anonymous_30)
FNDA:6,(anonymous_31)
FNDA:16,(anonymous_32)
FNDA:4,(anonymous_33)
FNDA:11,(anonymous_34)
FNDA:40,(anonymous_35)
FNDA:9,(anonymous_36)
FNDA:35,(anonymous_37)
DA:51,2
DA:52,2
DA:53,2
DA:54,2
DA:55,2
DA:56,2
DA:57,2
DA:58,2
DA:59,2
DA:61,2
DA:75,6
DA:76,1
DA:80,3
DA:81,3
DA:86,35
DA:112,35
DA:114,35
DA:115,3640
DA:117,3640
DA:124,35
DA:126,35
DA:128,35
DA:130,35
DA:132,35
DA:135,2
DA:136,2
DA:141,2
DA:142,1
DA:143,1
DA:144,1
DA:145,1
DA:147,1
DA:149,1
DA:150,0
DA:153,1
DA:160,3
DA:161,3
DA:162,3
DA:164,3
DA:165,2
DA:167,2
DA:168,2
DA:169,2
DA:170,2
DA:172,2
DA:173,2
DA:175,1
DA:181,3
DA:182,3
DA:186,1
DA:188,1
DA:189,1
DA:190,1
DA:191,1
DA:195,8
DA:196,83
DA:198,8
DA:199,56
DA:206,8
DA:207,4
DA:208,4
DA:209,4
DA:210,4
DA:213,8
DA:216,2
DA:218,2
DA:219,1
DA:220,1
DA:222,1
DA:223,2
DA:224,2
DA:225,2
DA:227,2
DA:229,2
DA:232,1
DA:239,12
DA:241,4
DA:244,7
DA:245,7
DA:247,7
DA:248,7
DA:249,7
DA:251,7
DA:255,7
DA:258,3
DA:261,6
DA:264,6
DA:266,6
DA:269,6
DA:272,2
DA:275,21
DA:276,3
DA:278,72
DA:282,18
DA:286,2
DA:289,0
DA:292,1
DA:295,3
DA:296,3
DA:299,5
DA:301,5
DA:302,3
DA:305,5
DA:306,4
DA:307,1
DA:310,4
DA:312,4
DA:316,4
DA:318,4
DA:319,8
DA:323,8
DA:326,4
DA:328,4
DA:329,4
DA:331,1
DA:333,1
DA:334,1
DA:337,5
DA:338,1
DA:342,6
DA:343,16
DA:344,3
DA:345,3
DA:346,3
DA:347,3
DA:349,13
DA:350,13
DA:351,13
DA:352,13
DA:357,4
DA:359,4
DA:360,11
DA:365,75
DA:374,25
DA:378,14
DA:379,40
DA:386,6
DA:388,6
DA:389,9
DA:393,6
DA:400,6
DA:404,11
DA:409,4
DA:413,35
LF:144
LH:142
BRDA:75,0,0,1
BRDA:75,0,1,5
BRDA:80,1,0,3
BRDA:80,1,1,0
BRDA:118,2,0,280
BRDA:118,2,1,3360
BRDA:141,3,0,1
BRDA:141,3,1,1
BRDA:164,4,0,2
BRDA:164,4,1,1
BRDA:181,5,0,3
BRDA:181,5,1,0
BRDA:188,6,0,1
BRDA:188,6,1,0
BRDA:198,7,0,4
BRDA:198,7,1,4
BRDA:206,8,0,4
BRDA:206,8,1,4
BRDA:218,9,0,1
BRDA:218,9,1,1
BRDA:247,10,0,7
BRDA:247,10,1,0
BRDA:247,11,0,7
BRDA:247,11,1,7
BRDA:247,11,2,7
BRDA:264,12,0,6
BRDA:264,12,1,1
BRDA:266,13,0,6
BRDA:266,13,1,3
BRDA:275,14,0,3
BRDA:275,14,1,18
BRDA:301,15,0,3
BRDA:301,15,1,2
BRDA:305,16,0,4
BRDA:305,16,1,1
BRDA:306,17,0,1
BRDA:306,17,1,3
BRDA:341,18,0,5
BRDA:343,19,0,3
BRDA:343,19,1,13
BRDA:365,20,0,11
BRDA:365,20,1,14
BRDA:374,21,0,14
BRDA:374,21,1,11
BRDA:374,22,0,25
BRDA:374,22,1,18
BRDA:379,23,0,6
BRDA:379,23,1,34
BRDA:379,24,0,40
BRDA:379,24,1,6
BRF:50
BRH:46
end_of_record
TN:
SF:C:\Gitlab\SpiderSolitaire\src\services\spiderSolitaireService.js
FN:14,(anonymous_0)
FN:41,(anonymous_1)
FN:46,(anonymous_2)
FN:64,(anonymous_3)
FN:66,(anonymous_4)
FN:80,(anonymous_5)
FN:82,(anonymous_6)
FN:97,(anonymous_7)
FN:100,(anonymous_8)
FN:105,(anonymous_9)
FNF:10
FNH:10
FNDA:37,(anonymous_0)
FNDA:74,(anonymous_1)
FNDA:1968,(anonymous_2)
FNDA:38,(anonymous_3)
FNDA:363,(anonymous_4)
FNDA:38,(anonymous_5)
FNDA:362,(anonymous_6)
FNDA:36,(anonymous_7)
FNDA:5,(anonymous_8)
FNDA:7,(anonymous_9)
DA:11,2
DA:13,2
DA:15,37
DA:16,37
DA:17,36
DA:21,36
DA:22,36
DA:27,36
DA:29,36
DA:30,36
DA:32,36
DA:34,1
DA:36,1
DA:38,1
DA:42,74
DA:43,74
DA:44,74
DA:46,74
DA:47,1968
DA:49,1968
DA:50,364
DA:51,364
DA:55,73
DA:57,1
DA:59,1
DA:61,1
DA:65,38
DA:66,38
DA:67,363
DA:69,363
DA:70,362
DA:73,1
DA:75,1
DA:77,1
DA:81,38
DA:82,38
DA:83,362
DA:90,1
DA:92,1
DA:94,1
DA:98,36
DA:101,5
DA:102,5
DA:104,4
DA:105,7
DA:108,4
DA:110,1
DA:112,1
DA:114,1
LF:49
LH:49
BRDA:49,0,0,364
BRDA:49,0,1,1604
BRF:2
BRH:2
end_of_record
