TN:
SF:C:\Gitlab\SpiderSolitaire\src\App.vue
FNF:0
FNH:0
DA:8,1
LF:1
LH:1
BRF:0
BRH:0
end_of_record
TN:
SF:C:\Gitlab\SpiderSolitaire\src\common\constants\constants.js
FNF:0
FNH:0
DA:3,3
LF:1
LH:1
BRF:0
BRH:0
end_of_record
TN:
SF:C:\Gitlab\SpiderSolitaire\src\common\enums\scoreRuleEnum.js
FNF:0
FNH:0
DA:1,3
LF:1
LH:1
BRF:0
BRH:0
end_of_record
TN:
SF:C:\Gitlab\SpiderSolitaire\src\common\enums\toastrTypeEnum.js
FNF:0
FNH:0
DA:1,2
LF:1
LH:1
BRF:0
BRH:0
end_of_record
TN:
SF:C:\Gitlab\SpiderSolitaire\src\common\helpers\utils.js
FN:2,(anonymous_0)
FN:19,(anonymous_1)
FN:21,(anonymous_2)
FN:24,(anonymous_3)
FNF:4
FNH:4
FNDA:37,(anonymous_0)
FNDA:65,(anonymous_1)
FNDA:113,(anonymous_2)
FNDA:110,(anonymous_3)
DA:1,3
DA:3,37
DA:4,37
DA:5,3610
DA:7,3610
DA:10,36
DA:12,1
DA:14,1
DA:16,1
DA:20,65
DA:21,65
DA:22,113
DA:24,110
DA:26,64
DA:28,1
DA:30,1
DA:32,1
LF:17
LH:17
BRF:0
BRH:0
end_of_record
TN:
SF:C:\Gitlab\SpiderSolitaire\src\components\Button.vue
FN:24,(anonymous_1)
FN:27,(anonymous_2)
FNF:2
FNH:2
FNDA:1,(anonymous_1)
FNDA:3,(anonymous_2)
DA:25,1
DA:28,3
LF:2
LH:2
BRF:0
BRH:0
end_of_record
TN:
SF:C:\Gitlab\SpiderSolitaire\src\components\Card.vue
FN:59,(anonymous_1)
FN:62,(anonymous_2)
FN:65,(anonymous_3)
FN:68,(anonymous_4)
FNF:4
FNH:4
FNDA:1,(anonymous_1)
FNDA:1,(anonymous_2)
FNDA:1,(anonymous_3)
FNDA:5,(anonymous_4)
DA:33,3
DA:60,1
DA:63,1
DA:66,1
DA:69,5
DA:70,4
DA:72,1
LF:7
LH:7
BRDA:69,0,0,4
BRDA:69,0,1,1
BRF:2
BRH:2
end_of_record
TN:
SF:C:\Gitlab\SpiderSolitaire\src\components\CardDealSection.vue
FN:38,(anonymous_1)
FNF:1
FNH:1
FNDA:1,(anonymous_1)
DA:23,3
DA:39,1
LF:2
LH:2
BRF:0
BRH:0
end_of_record
TN:
SF:C:\Gitlab\SpiderSolitaire\src\components\CardHolderSection.vue
FN:35,(anonymous_1)
FN:36,(anonymous_2)
FN:40,(anonymous_3)
FN:46,(anonymous_4)
FN:62,(anonymous_5)
FNF:5
FNH:5
FNDA:1,(anonymous_1)
FNDA:8,(anonymous_2)
FNDA:3,(anonymous_3)
FNDA:3,(anonymous_4)
FNDA:3,(anonymous_5)
DA:16,3
DA:36,9
DA:37,1
DA:41,3
DA:47,3
DA:49,3
DA:50,24
DA:52,24
DA:53,4
DA:56,24
DA:59,3
DA:63,3
LF:12
LH:12
BRDA:52,0,0,4
BRDA:52,0,1,20
BRF:2
BRH:2
end_of_record
TN:
SF:C:\Gitlab\SpiderSolitaire\src\components\ConfirmBox.vue
FN:25,(anonymous_1)
FN:31,(anonymous_2)
FN:34,(anonymous_3)
FNF:3
FNH:3
FNDA:4,(anonymous_1)
FNDA:1,(anonymous_2)
FNDA:1,(anonymous_3)
DA:26,4
DA:32,1
DA:35,1
LF:3
LH:3
BRF:0
BRH:0
end_of_record
TN:
SF:C:\Gitlab\SpiderSolitaire\src\components\HeaderSection.vue
FN:39,(anonymous_1)
FNF:1
FNH:1
FNDA:1,(anonymous_1)
DA:17,3
DA:18,3
DA:19,3
DA:40,1
LF:4
LH:4
BRF:0
BRH:0
end_of_record
TN:
SF:C:\Gitlab\SpiderSolitaire\src\components\Timer.vue
FN:18,(anonymous_1)
FN:24,(anonymous_2)
FN:31,(anonymous_3)
FN:43,(anonymous_4)
FN:44,(anonymous_5)
FN:48,(anonymous_6)
FN:52,(anonymous_7)
FNF:7
FNH:7
FNDA:1,(anonymous_1)
FNDA:3,(anonymous_2)
FNDA:9,(anonymous_3)
FNDA:3,(anonymous_4)
FNDA:18,(anonymous_5)
FNDA:1,(anonymous_6)
FNDA:3,(anonymous_7)
DA:19,1
DA:20,1
DA:25,3
DA:32,9
DA:33,9
DA:35,9
DA:37,9
DA:39,9
DA:44,3
DA:45,18
DA:49,1
DA:53,3
LF:12
LH:12
BRDA:19,0,0,1
BRDA:19,0,1,0
BRF:2
BRH:1
end_of_record
TN:
SF:C:\Gitlab\SpiderSolitaire\src\components\Toastr\Toastr.js
FN:4,(anonymous_0)
FNF:1
FNH:1
FNDA:3,(anonymous_0)
DA:5,3
LF:1
LH:1
BRF:0
BRH:0
end_of_record
TN:
SF:C:\Gitlab\SpiderSolitaire\src\pages\SpiderSolitaire.vue
FN:75,(anonymous_1)
FN:80,(anonymous_2)
FN:86,(anonymous_3)
FN:113,(anonymous_4)
FN:136,(anonymous_5)
FN:154,(anonymous_6)
FN:164,(anonymous_7)
FN:190,(anonymous_8)
FN:199,(anonymous_9)
FN:201,(anonymous_10)
FN:204,(anonymous_11)
FN:220,(anonymous_12)
FN:227,(anonymous_13)
FN:243,(anonymous_14)
FN:244,(anonymous_15)
FN:248,(anonymous_16)
FN:259,(anonymous_17)
FN:262,(anonymous_18)
FN:265,(anonymous_19)
FN:268,(anonymous_20)
FN:276,(anonymous_21)
FN:284,(anonymous_22)
FN:288,(anonymous_23)
FN:295,(anonymous_24)
FN:298,(anonymous_25)
FN:301,(anonymous_26)
FN:304,(anonymous_27)
FN:308,(anonymous_28)
FN:328,(anonymous_29)
FN:338,(anonymous_30)
FN:351,(anonymous_31)
FN:352,(anonymous_32)
FN:364,(anonymous_33)
FN:367,(anonymous_34)
FN:386,(anonymous_35)
FN:397,(anonymous_36)
FN:420,(anonymous_37)
FNF:37
FNH:35
FNDA:6,(anonymous_1)
FNDA:3,(anonymous_2)
FNDA:35,(anonymous_3)
FNDA:35,(anonymous_4)
FNDA:2,(anonymous_5)
FNDA:0,(anonymous_6)
FNDA:3,(anonymous_7)
FNDA:1,(anonymous_8)
FNDA:8,(anonymous_9)
FNDA:75,(anonymous_10)
FNDA:52,(anonymous_11)
FNDA:2,(anonymous_12)
FNDA:2,(anonymous_13)
FNDA:4,(anonymous_14)
FNDA:8,(anonymous_15)
FNDA:7,(anonymous_16)
FNDA:7,(anonymous_17)
FNDA:3,(anonymous_18)
FNDA:6,(anonymous_19)
FNDA:6,(anonymous_20)
FNDA:2,(anonymous_21)
FNDA:21,(anonymous_22)
FNDA:54,(anonymous_23)
FNDA:2,(anonymous_24)
FNDA:0,(anonymous_25)
FNDA:1,(anonymous_26)
FNDA:3,(anonymous_27)
FNDA:5,(anonymous_28)
FNDA:8,(anonymous_29)
FNDA:1,(anonymous_30)
FNDA:6,(anonymous_31)
FNDA:16,(anonymous_32)
FNDA:4,(anonymous_33)
FNDA:11,(anonymous_34)
FNDA:40,(anonymous_35)
FNDA:9,(anonymous_36)
FNDA:35,(anonymous_37)
DA:51,2
DA:52,2
DA:53,2
DA:54,2
DA:55,2
DA:56,2
DA:57,2
DA:58,2
DA:59,2
DA:60,2
DA:62,2
DA:76,6
DA:77,1
DA:81,3
DA:82,3
DA:87,35
DA:114,35
DA:116,35
DA:117,3640
DA:119,3640
DA:126,35
DA:128,35
DA:130,35
DA:132,35
DA:134,35
DA:137,2
DA:141,2
DA:146,2
DA:147,1
DA:148,1
DA:149,1
DA:150,1
DA:152,1
DA:154,1
DA:155,0
DA:158,1
DA:165,3
DA:166,3
DA:167,3
DA:169,3
DA:170,2
DA:172,2
DA:173,2
DA:174,2
DA:175,2
DA:177,2
DA:178,2
DA:180,1
DA:186,3
DA:187,3
DA:191,1
DA:193,1
DA:194,1
DA:195,1
DA:196,1
DA:200,8
DA:201,83
DA:203,8
DA:204,56
DA:211,8
DA:212,4
DA:213,4
DA:214,4
DA:215,4
DA:218,8
DA:221,2
DA:223,2
DA:224,1
DA:225,1
DA:227,1
DA:228,2
DA:229,2
DA:230,2
DA:232,2
DA:234,2
DA:237,1
DA:244,12
DA:246,4
DA:249,7
DA:250,7
DA:252,7
DA:253,7
DA:254,7
DA:256,7
DA:260,7
DA:263,3
DA:266,6
DA:269,6
DA:271,6
DA:274,6
DA:277,2
DA:285,21
DA:286,3
DA:288,72
DA:292,18
DA:296,2
DA:299,0
DA:302,1
DA:305,3
DA:306,3
DA:309,5
DA:311,5
DA:312,3
DA:315,5
DA:316,4
DA:317,1
DA:320,4
DA:322,4
DA:326,4
DA:328,4
DA:329,8
DA:333,8
DA:336,4
DA:338,4
DA:339,1
DA:342,4
DA:343,4
DA:345,1
DA:347,1
DA:348,1
DA:352,6
DA:353,16
DA:354,3
DA:355,3
DA:356,3
DA:358,13
DA:359,13
DA:360,13
DA:365,4
DA:367,4
DA:368,11
DA:373,75
DA:382,25
DA:386,14
DA:387,40
DA:394,6
DA:396,6
DA:397,9
DA:401,6
DA:408,6
DA:412,11
DA:417,4
DA:421,35
LF:143
LH:141
BRDA:76,0,0,1
BRDA:76,0,1,5
BRDA:81,1,0,3
BRDA:81,1,1,0
BRDA:120,2,0,280
BRDA:120,2,1,3360
BRDA:146,3,0,1
BRDA:146,3,1,1
BRDA:169,4,0,2
BRDA:169,4,1,1
BRDA:186,5,0,3
BRDA:186,5,1,0
BRDA:193,6,0,1
BRDA:193,6,1,0
BRDA:203,7,0,4
BRDA:203,7,1,4
BRDA:211,8,0,4
BRDA:211,8,1,4
BRDA:223,9,0,1
BRDA:223,9,1,1
BRDA:252,10,0,7
BRDA:252,10,1,0
BRDA:252,11,0,7
BRDA:252,11,1,7
BRDA:252,11,2,7
BRDA:269,12,0,6
BRDA:269,12,1,1
BRDA:271,13,0,6
BRDA:271,13,1,3
BRDA:285,14,0,3
BRDA:285,14,1,18
BRDA:311,15,0,3
BRDA:311,15,1,2
BRDA:315,16,0,4
BRDA:315,16,1,1
BRDA:316,17,0,1
BRDA:316,17,1,3
BRDA:351,18,0,5
BRDA:353,19,0,3
BRDA:353,19,1,13
BRDA:373,20,0,11
BRDA:373,20,1,14
BRDA:382,21,0,14
BRDA:382,21,1,11
BRDA:382,22,0,25
BRDA:382,22,1,18
BRDA:387,23,0,6
BRDA:387,23,1,34
BRDA:387,24,0,40
BRDA:387,24,1,6
BRF:50
BRH:46
end_of_record
TN:
SF:C:\Gitlab\SpiderSolitaire\src\services\spiderSolitaireService.js
FN:14,(anonymous_0)
FN:41,(anonymous_1)
FN:46,(anonymous_2)
FN:64,(anonymous_3)
FN:66,(anonymous_4)
FN:80,(anonymous_5)
FN:82,(anonymous_6)
FN:97,(anonymous_7)
FN:100,(anonymous_8)
FN:105,(anonymous_9)
FNF:10
FNH:10
FNDA:37,(anonymous_0)
FNDA:74,(anonymous_1)
FNDA:1968,(anonymous_2)
FNDA:38,(anonymous_3)
FNDA:363,(anonymous_4)
FNDA:38,(anonymous_5)
FNDA:362,(anonymous_6)
FNDA:36,(anonymous_7)
FNDA:5,(anonymous_8)
FNDA:7,(anonymous_9)
DA:11,2
DA:13,2
DA:15,37
DA:16,37
DA:17,36
DA:21,36
DA:22,36
DA:27,36
DA:29,36
DA:30,36
DA:32,36
DA:34,1
DA:36,1
DA:38,1
DA:42,74
DA:43,74
DA:44,74
DA:46,74
DA:47,1968
DA:49,1968
DA:50,364
DA:51,364
DA:55,73
DA:57,1
DA:59,1
DA:61,1
DA:65,38
DA:66,38
DA:67,363
DA:69,363
DA:70,362
DA:73,1
DA:75,1
DA:77,1
DA:81,38
DA:82,38
DA:83,362
DA:90,1
DA:92,1
DA:94,1
DA:98,36
DA:101,5
DA:102,5
DA:104,4
DA:105,7
DA:108,4
DA:110,1
DA:112,1
DA:114,1
LF:49
LH:49
BRDA:49,0,0,364
BRDA:49,0,1,1604
BRF:2
BRH:2
end_of_record
